Using pre-set license
Built from '2022.3/staging' branch; Version is '2022.3.23f1 (dbb3f7c5b5c6) revision 14398455'; Using compiler version '192829333'; Build Type 'Release'
OS: 'Windows 10  (10.0.19045) 64bit Professional' Language: 'ko' Physical Memory: 81838 MB
BatchMode: 1, IsHumanControllingUs: 0, StartBugReporterOnCrash: 0, Is64bit: 1, IsPro: 1

COMMAND LINE ARGUMENTS:
C:\Program Files\Unity 2022.3.23f1\Editor\Unity.exe
-adb2
-batchMode
-noUpm
-name
AssetImportWorker9
-projectPath
C:/CookApps/Projects/MVP_UI_redesign/MVP_UI_Redesign
-logFile
Logs/AssetImportWorker9.log
-srvPort
1738
Successfully changed project path to: C:/CookApps/Projects/MVP_UI_redesign/MVP_UI_Redesign
C:/CookApps/Projects/MVP_UI_redesign/MVP_UI_Redesign
[UnityMemory] Configuration Parameters - Can be set up in boot.config
    "memorysetup-bucket-allocator-granularity=16"
    "memorysetup-bucket-allocator-bucket-count=8"
    "memorysetup-bucket-allocator-block-size=33554432"
    "memorysetup-bucket-allocator-block-count=8"
    "memorysetup-main-allocator-block-size=16777216"
    "memorysetup-thread-allocator-block-size=16777216"
    "memorysetup-gfx-main-allocator-block-size=16777216"
    "memorysetup-gfx-thread-allocator-block-size=16777216"
    "memorysetup-cache-allocator-block-size=4194304"
    "memorysetup-typetree-allocator-block-size=2097152"
    "memorysetup-profiler-bucket-allocator-granularity=16"
    "memorysetup-profiler-bucket-allocator-bucket-count=8"
    "memorysetup-profiler-bucket-allocator-block-size=33554432"
    "memorysetup-profiler-bucket-allocator-block-count=8"
    "memorysetup-profiler-allocator-block-size=16777216"
    "memorysetup-profiler-editor-allocator-block-size=1048576"
    "memorysetup-temp-allocator-size-main=16777216"
    "memorysetup-job-temp-allocator-block-size=2097152"
    "memorysetup-job-temp-allocator-block-size-background=1048576"
    "memorysetup-job-temp-allocator-reduction-small-platforms=262144"
    "memorysetup-allocator-temp-initial-block-size-main=262144"
    "memorysetup-allocator-temp-initial-block-size-worker=262144"
    "memorysetup-temp-allocator-size-background-worker=32768"
    "memorysetup-temp-allocator-size-job-worker=262144"
    "memorysetup-temp-allocator-size-preload-manager=33554432"
    "memorysetup-temp-allocator-size-nav-mesh-worker=65536"
    "memorysetup-temp-allocator-size-audio-worker=65536"
    "memorysetup-temp-allocator-size-cloud-worker=32768"
    "memorysetup-temp-allocator-size-gi-baking-worker=262144"
    "memorysetup-temp-allocator-size-gfx=262144"
Player connection [17344] Host "[IP] 192.168.45.224 [Port] 0 [Flags] 2 [Guid] 1477529657 [EditorId] 1477529657 [Version] 1048832 [Id] WindowsEditor(7,DESKTOP-NEP7GG6) [Debug] 1 [PackageName] WindowsEditor [ProjectName] Editor" joined multi-casting on [225.0.0.222:54997]...

Player connection [17344] Host "[IP] 192.168.45.224 [Port] 0 [Flags] 2 [Guid] 1477529657 [EditorId] 1477529657 [Version] 1048832 [Id] WindowsEditor(7,DESKTOP-NEP7GG6) [Debug] 1 [PackageName] WindowsEditor [ProjectName] Editor" joined alternative multi-casting on [225.0.0.222:34997]...

[Physics::Module] Initialized MultithreadedJobDispatcher with 7 workers.
Refreshing native plugins compatible for Editor in 6.85 ms, found 3 plugins.
Preloading 0 native plugins for Editor in 0.00 ms.
Initialize engine version: 2022.3.23f1 (dbb3f7c5b5c6)
[Subsystems] Discovering subsystems at path C:/Program Files/Unity 2022.3.23f1/Editor/Data/Resources/UnitySubsystems
[Subsystems] Discovering subsystems at path C:/CookApps/Projects/MVP_UI_redesign/MVP_UI_Redesign/Assets
GfxDevice: creating device client; threaded=0; jobified=0
Direct3D:
    Version:  Direct3D 11.0 [level 11.1]
    Renderer: NVIDIA GeForce RTX 2060 (ID=0x1f08)
    Vendor:   NVIDIA
    VRAM:     5955 MB
    Driver:   31.0.15.5222
Initialize mono
Mono path[0] = 'C:/Program Files/Unity 2022.3.23f1/Editor/Data/Managed'
Mono path[1] = 'C:/Program Files/Unity 2022.3.23f1/Editor/Data/MonoBleedingEdge/lib/mono/unityjit-win32'
Mono config path = 'C:/Program Files/Unity 2022.3.23f1/Editor/Data/MonoBleedingEdge/etc'
Using monoOptions --debugger-agent=transport=dt_socket,embedding=1,server=y,suspend=n,address=127.0.0.1:56232
Begin MonoManager ReloadAssembly
Registering precompiled unity dll's ...
Register platform support module: C:/Program Files/Unity 2022.3.23f1/Editor/Data/PlaybackEngines/AndroidPlayer/UnityEditor.Android.Extensions.dll
Register platform support module: C:/Program Files/Unity 2022.3.23f1/Editor/Data/PlaybackEngines/iOSSupport/UnityEditor.iOS.Extensions.dll
Register platform support module: C:/Program Files/Unity 2022.3.23f1/Editor/Data/PlaybackEngines/WindowsStandaloneSupport/UnityEditor.WindowsStandalone.Extensions.dll
Registered in 0.009213 seconds.
- Loaded All Assemblies, in  0.384 seconds
Native extension for WindowsStandalone target not found
[usbmuxd] Start listen thread
[usbmuxd] Listen thread started
Native extension for iOS target not found
Native extension for Android target not found
Mono: successfully reloaded assembly
- Finished resetting the current domain, in  0.318 seconds
Domain Reload Profiling: 700ms
	BeginReloadAssembly (111ms)
		ExecutionOrderSort (0ms)
		DisableScriptedObjects (0ms)
		BackupInstance (0ms)
		ReleaseScriptingObjects (0ms)
		CreateAndSetChildDomain (1ms)
	RebuildCommonClasses (52ms)
	RebuildNativeTypeToScriptingClass (10ms)
	initialDomainReloadingComplete (59ms)
	LoadAllAssembliesAndSetupDomain (149ms)
		LoadAssemblies (109ms)
		RebuildTransferFunctionScriptingTraits (0ms)
		AnalyzeDomain (147ms)
			TypeCache.Refresh (145ms)
				TypeCache.ScanAssembly (131ms)
			ScanForSourceGeneratedMonoScriptInfo (0ms)
			ResolveRequiredComponents (0ms)
	FinalizeReload (318ms)
		ReleaseScriptCaches (0ms)
		RebuildScriptCaches (0ms)
		SetupLoadedEditorAssemblies (260ms)
			LogAssemblyErrors (0ms)
			InitializePlatformSupportModulesInManaged (92ms)
			SetLoadedEditorAssemblies (4ms)
			RefreshPlugins (0ms)
			BeforeProcessingInitializeOnLoad (2ms)
			ProcessInitializeOnLoadAttributes (117ms)
			ProcessInitializeOnLoadMethodAttributes (46ms)
			AfterProcessingInitializeOnLoad (0ms)
			EditorAssembliesLoaded (0ms)
		ExecutionOrderSort2 (0ms)
		AwakeInstancesAfterBackupRestoration (0ms)
========================================================================
Worker process is ready to serve import requests
Begin MonoManager ReloadAssembly
- Loaded All Assemblies, in  0.615 seconds
Refreshing native plugins compatible for Editor in 3.39 ms, found 3 plugins.
Native extension for WindowsStandalone target not found
Native extension for iOS target not found
Native extension for Android target not found
Package Manager log level set to [2]
[Package Manager] Server::EnsureServerProcessIsRunning -- launch failed, reason: Unity was launched with the -noUpm command-line argument
[Package Manager] UpmClient::Send -- Unable to send message (not connected to UPM process).
[Package Manager] Cannot connect to Unity Package Manager local server
Mono: successfully reloaded assembly
- Finished resetting the current domain, in  0.571 seconds
Domain Reload Profiling: 1182ms
	BeginReloadAssembly (143ms)
		ExecutionOrderSort (0ms)
		DisableScriptedObjects (5ms)
		BackupInstance (0ms)
		ReleaseScriptingObjects (0ms)
		CreateAndSetChildDomain (20ms)
	RebuildCommonClasses (35ms)
	RebuildNativeTypeToScriptingClass (11ms)
	initialDomainReloadingComplete (42ms)
	LoadAllAssembliesAndSetupDomain (380ms)
		LoadAssemblies (279ms)
		RebuildTransferFunctionScriptingTraits (0ms)
		AnalyzeDomain (185ms)
			TypeCache.Refresh (164ms)
				TypeCache.ScanAssembly (147ms)
			ScanForSourceGeneratedMonoScriptInfo (14ms)
			ResolveRequiredComponents (5ms)
	FinalizeReload (572ms)
		ReleaseScriptCaches (0ms)
		RebuildScriptCaches (0ms)
		SetupLoadedEditorAssemblies (421ms)
			LogAssemblyErrors (0ms)
			InitializePlatformSupportModulesInManaged (35ms)
			SetLoadedEditorAssemblies (3ms)
			RefreshPlugins (0ms)
			BeforeProcessingInitializeOnLoad (60ms)
			ProcessInitializeOnLoadAttributes (290ms)
			ProcessInitializeOnLoadMethodAttributes (25ms)
			AfterProcessingInitializeOnLoad (7ms)
			EditorAssembliesLoaded (0ms)
		ExecutionOrderSort2 (0ms)
		AwakeInstancesAfterBackupRestoration (7ms)
Launched and connected shader compiler UnityShaderCompiler.exe after 0.03 seconds
Refreshing native plugins compatible for Editor in 2.94 ms, found 3 plugins.
Preloading 0 native plugins for Editor in 0.00 ms.
Unloading 3141 Unused Serialized files (Serialized files now loaded: 0)
Unloading 32 unused Assets / (57.0 KB). Loaded Objects now: 3606.
Memory consumption went from 131.2 MB to 131.2 MB.
Total: 2.738500 ms (FindLiveObjects: 0.277000 ms CreateObjectMapping: 0.273200 ms MarkObjects: 2.090900 ms  DeleteObjects: 0.096400 ms)

AssetImportParameters requested are different than current active one (requested -> active):
  custom:container-demuxer-ogg: 62fdf1f143b41e24485cea50d1cbac27 -> 
  custom:video-decoder-ogg-theora: a1e56fd34408186e4bbccfd4996cb3dc -> 
  custom:framework-win-MediaFoundation: 216162199b28c13a410421893ffa2e32 -> 
  custom:CustomObjectIndexerAttribute: 9a22284fe3817be447336de3de66b15e -> 
  custom:container-demuxer-webm: 4f35f7cbe854078d1ac9338744f61a02 -> 
  custom:container-muxer-webm: aa71ff27fc2769a1b78a27578f13a17b -> 
  custom:video-decoder-webm-vp8: 9c59270c3fd7afecdb556c50c9e8de78 -> 
  custom:SearchIndexIgnoredProperties: e643bd26f0fe6173181afceb89e7c659 -> 
  custom:AudioImporter_EditorPlatform: d09bf68614088b80899f8185d706f6e7 -> 
  custom:video-encoder-webm-vp8: eb34c28f22e8b96e1ab97ce403110664 -> 
  custom:audio-decoder-ogg-vorbis: bf7c407c2cedff20999df2af8eb42d56 -> 
  custom:audio-encoder-webm-vorbis: bf7c407c2cedff20999df2af8eb42d56 -> 
========================================================================
Received Prepare
Begin MonoManager ReloadAssembly
- Loaded All Assemblies, in  0.447 seconds
Refreshing native plugins compatible for Editor in 3.37 ms, found 3 plugins.
Native extension for WindowsStandalone target not found
Native extension for iOS target not found
Native extension for Android target not found
[Package Manager] Server::EnsureServerProcessIsRunning -- launch failed, reason: Unity was launched with the -noUpm command-line argument
[Package Manager] UpmClient::Send -- Unable to send message (not connected to UPM process).
[Package Manager] Cannot connect to Unity Package Manager local server
Mono: successfully reloaded assembly
- Finished resetting the current domain, in  0.887 seconds
Domain Reload Profiling: 1331ms
	BeginReloadAssembly (153ms)
		ExecutionOrderSort (0ms)
		DisableScriptedObjects (6ms)
		BackupInstance (0ms)
		ReleaseScriptingObjects (0ms)
		CreateAndSetChildDomain (32ms)
	RebuildCommonClasses (34ms)
	RebuildNativeTypeToScriptingClass (12ms)
	initialDomainReloadingComplete (30ms)
	LoadAllAssembliesAndSetupDomain (215ms)
		LoadAssemblies (282ms)
		RebuildTransferFunctionScriptingTraits (0ms)
		AnalyzeDomain (16ms)
			TypeCache.Refresh (5ms)
				TypeCache.ScanAssembly (0ms)
			ScanForSourceGeneratedMonoScriptInfo (0ms)
			ResolveRequiredComponents (8ms)
	FinalizeReload (888ms)
		ReleaseScriptCaches (0ms)
		RebuildScriptCaches (0ms)
		SetupLoadedEditorAssemblies (385ms)
			LogAssemblyErrors (0ms)
			InitializePlatformSupportModulesInManaged (34ms)
			SetLoadedEditorAssemblies (3ms)
			RefreshPlugins (0ms)
			BeforeProcessingInitializeOnLoad (60ms)
			ProcessInitializeOnLoadAttributes (254ms)
			ProcessInitializeOnLoadMethodAttributes (26ms)
			AfterProcessingInitializeOnLoad (9ms)
			EditorAssembliesLoaded (0ms)
		ExecutionOrderSort2 (0ms)
		AwakeInstancesAfterBackupRestoration (6ms)
Refreshing native plugins compatible for Editor in 3.74 ms, found 3 plugins.
Preloading 0 native plugins for Editor in 0.00 ms.
Unloading 3121 Unused Serialized files (Serialized files now loaded: 0)
Unloading 23 unused Assets / (31.1 KB). Loaded Objects now: 3610.
Memory consumption went from 128.3 MB to 128.3 MB.
Total: 2.507900 ms (FindLiveObjects: 0.294600 ms CreateObjectMapping: 0.243600 ms MarkObjects: 1.922700 ms  DeleteObjects: 0.046300 ms)

Prepare: number of updated asset objects reloaded= 0
AssetImportParameters requested are different than current active one (requested -> active):
  custom:container-demuxer-ogg: 62fdf1f143b41e24485cea50d1cbac27 -> 
  custom:video-decoder-ogg-theora: a1e56fd34408186e4bbccfd4996cb3dc -> 
  custom:framework-win-MediaFoundation: 216162199b28c13a410421893ffa2e32 -> 
  custom:CustomObjectIndexerAttribute: 9a22284fe3817be447336de3de66b15e -> 
  custom:container-demuxer-webm: 4f35f7cbe854078d1ac9338744f61a02 -> 
  custom:container-muxer-webm: aa71ff27fc2769a1b78a27578f13a17b -> 
  custom:video-decoder-webm-vp8: 9c59270c3fd7afecdb556c50c9e8de78 -> 
  custom:SearchIndexIgnoredProperties: e643bd26f0fe6173181afceb89e7c659 -> 
  custom:AudioImporter_EditorPlatform: d09bf68614088b80899f8185d706f6e7 -> 
  custom:video-encoder-webm-vp8: eb34c28f22e8b96e1ab97ce403110664 -> 
  custom:audio-decoder-ogg-vorbis: bf7c407c2cedff20999df2af8eb42d56 -> 
  custom:audio-encoder-webm-vorbis: bf7c407c2cedff20999df2af8eb42d56 -> 
========================================================================
Received Import Request.
  Time since last request: 10751.136719 seconds.
  path: Assets/Prefabs/InGame/MainUI_Game.prefab
  artifactKey: Guid(586a1f93e92b9c2459b0af3cea9ab06c) Importer(815301076,1909f56bfc062723c751e8b465ee728b)
Start importing Assets/Prefabs/InGame/MainUI_Game.prefab using Guid(586a1f93e92b9c2459b0af3cea9ab06c) Importer(815301076,1909f56bfc062723c751e8b465ee728b)  -> (artifact id: 'd37da889119103e9c98ec8091b6106ef') in 0.399235 seconds
Number of updated asset objects reloaded before import = 0
Number of asset objects unloaded after import = 4309
========================================================================
Received Import Request.
  Time since last request: 20.192962 seconds.
  path: Assets/Prefabs/InGame/MainUI_Game.prefab
  artifactKey: Guid(586a1f93e92b9c2459b0af3cea9ab06c) Importer(815301076,1909f56bfc062723c751e8b465ee728b)
Start importing Assets/Prefabs/InGame/MainUI_Game.prefab using Guid(586a1f93e92b9c2459b0af3cea9ab06c) Importer(815301076,1909f56bfc062723c751e8b465ee728b)  -> (artifact id: 'f9247521c56b45fde53f3325c28f12ab') in 0.338115 seconds
Number of updated asset objects reloaded before import = 0
Number of asset objects unloaded after import = 4309
========================================================================
Received Import Request.
  Time since last request: 2.983175 seconds.
  path: Assets/Prefabs/InGame/MainUI_Game.prefab
  artifactKey: Guid(586a1f93e92b9c2459b0af3cea9ab06c) Importer(815301076,1909f56bfc062723c751e8b465ee728b)
Start importing Assets/Prefabs/InGame/MainUI_Game.prefab using Guid(586a1f93e92b9c2459b0af3cea9ab06c) Importer(815301076,1909f56bfc062723c751e8b465ee728b)  -> (artifact id: '6dc66cd16b088f833c1f607edb63456e') in 0.326384 seconds
Number of updated asset objects reloaded before import = 0
Number of asset objects unloaded after import = 4309
========================================================================
Received Import Request.
  Time since last request: 0.000021 seconds.
  path: Assets/Prefabs/InGame/Panel_Status.prefab
  artifactKey: Guid(56ec9dd63dd67034da00d1b993903ba5) Importer(815301076,1909f56bfc062723c751e8b465ee728b)
Start importing Assets/Prefabs/InGame/Panel_Status.prefab using Guid(56ec9dd63dd67034da00d1b993903ba5) Importer(815301076,1909f56bfc062723c751e8b465ee728b)  -> (artifact id: '89cf42c935f942024b54abe9671a291e') in 0.265717 seconds
Number of updated asset objects reloaded before import = 0
Number of asset objects unloaded after import = 30
========================================================================
Received Import Request.
  Time since last request: 12.014454 seconds.
  path: Assets/Prefabs/InGame/MainUI_Game.prefab
  artifactKey: Guid(586a1f93e92b9c2459b0af3cea9ab06c) Importer(815301076,1909f56bfc062723c751e8b465ee728b)
Start importing Assets/Prefabs/InGame/MainUI_Game.prefab using Guid(586a1f93e92b9c2459b0af3cea9ab06c) Importer(815301076,1909f56bfc062723c751e8b465ee728b)  -> (artifact id: 'c4a73c6cf64fddfb852444b581b6953e') in 0.331533 seconds
Number of updated asset objects reloaded before import = 0
Number of asset objects unloaded after import = 4305
========================================================================
Received Import Request.
  Time since last request: 197.164644 seconds.
  path: Assets/Prefabs/InGame/MainUI_Game.prefab
  artifactKey: Guid(586a1f93e92b9c2459b0af3cea9ab06c) Importer(815301076,1909f56bfc062723c751e8b465ee728b)
Start importing Assets/Prefabs/InGame/MainUI_Game.prefab using Guid(586a1f93e92b9c2459b0af3cea9ab06c) Importer(815301076,1909f56bfc062723c751e8b465ee728b)  -> (artifact id: '41ebdce4fdcd4f7e17b331a622efa397') in 0.336567 seconds
Number of updated asset objects reloaded before import = 0
Number of asset objects unloaded after import = 4322
========================================================================
Received Import Request.
  Time since last request: 68.178979 seconds.
  path: Assets/Prefabs/InGame/MainUI_Game.prefab
  artifactKey: Guid(586a1f93e92b9c2459b0af3cea9ab06c) Importer(815301076,1909f56bfc062723c751e8b465ee728b)
Start importing Assets/Prefabs/InGame/MainUI_Game.prefab using Guid(586a1f93e92b9c2459b0af3cea9ab06c) Importer(815301076,1909f56bfc062723c751e8b465ee728b)  -> (artifact id: '39c523f0954db238266be010b156ddfa') in 0.334005 seconds
Number of updated asset objects reloaded before import = 0
Number of asset objects unloaded after import = 4326
========================================================================
Received Import Request.
  Time since last request: 27.804947 seconds.
  path: Assets/Prefabs/InGame/MainUI_Game.prefab
  artifactKey: Guid(586a1f93e92b9c2459b0af3cea9ab06c) Importer(815301076,1909f56bfc062723c751e8b465ee728b)
Start importing Assets/Prefabs/InGame/MainUI_Game.prefab using Guid(586a1f93e92b9c2459b0af3cea9ab06c) Importer(815301076,1909f56bfc062723c751e8b465ee728b)  -> (artifact id: '8a12bc3a11fe882995878f42af5c04bf') in 0.342684 seconds
Number of updated asset objects reloaded before import = 0
Number of asset objects unloaded after import = 4330
========================================================================
Received Import Request.
  Time since last request: 74.907800 seconds.
  path: Assets/Prefabs/InGame/MainUI_Game.prefab
  artifactKey: Guid(586a1f93e92b9c2459b0af3cea9ab06c) Importer(815301076,1909f56bfc062723c751e8b465ee728b)
Start importing Assets/Prefabs/InGame/MainUI_Game.prefab using Guid(586a1f93e92b9c2459b0af3cea9ab06c) Importer(815301076,1909f56bfc062723c751e8b465ee728b)  -> (artifact id: '3027648350c435b40868da1a5747be1f') in 0.341244 seconds
Number of updated asset objects reloaded before import = 0
Number of asset objects unloaded after import = 4358
========================================================================
Received Import Request.
  Time since last request: 28.508260 seconds.
  path: Assets/Prefabs/InGame/MainUI_Game.prefab
  artifactKey: Guid(586a1f93e92b9c2459b0af3cea9ab06c) Importer(815301076,1909f56bfc062723c751e8b465ee728b)
Start importing Assets/Prefabs/InGame/MainUI_Game.prefab using Guid(586a1f93e92b9c2459b0af3cea9ab06c) Importer(815301076,1909f56bfc062723c751e8b465ee728b)  -> (artifact id: '12d655f16b74b23094c6d062e5a0c305') in 0.340829 seconds
Number of updated asset objects reloaded before import = 0
Number of asset objects unloaded after import = 4358
========================================================================
Received Import Request.
  Time since last request: 31.974788 seconds.
  path: Assets/Prefabs/InGame/MainUI_Game.prefab
  artifactKey: Guid(586a1f93e92b9c2459b0af3cea9ab06c) Importer(815301076,1909f56bfc062723c751e8b465ee728b)
Start importing Assets/Prefabs/InGame/MainUI_Game.prefab using Guid(586a1f93e92b9c2459b0af3cea9ab06c) Importer(815301076,1909f56bfc062723c751e8b465ee728b)  -> (artifact id: '118024311451d3402b427fa0e6676bf6') in 0.340262 seconds
Number of updated asset objects reloaded before import = 0
Number of asset objects unloaded after import = 4358
========================================================================
Received Import Request.
  Time since last request: 0.000034 seconds.
  path: Assets/Prefabs/InGame/Panel_Status.prefab
  artifactKey: Guid(56ec9dd63dd67034da00d1b993903ba5) Importer(815301076,1909f56bfc062723c751e8b465ee728b)
Start importing Assets/Prefabs/InGame/Panel_Status.prefab using Guid(56ec9dd63dd67034da00d1b993903ba5) Importer(815301076,1909f56bfc062723c751e8b465ee728b)  -> (artifact id: '2cbd8a0eef8fd35b310b3c6ebbc08fab') in 0.002977 seconds
Number of updated asset objects reloaded before import = 0
Number of asset objects unloaded after import = 76
========================================================================
Received Import Request.
  Time since last request: 51.221288 seconds.
  path: Assets/Prefabs/InGame/MainUI_Game.prefab
  artifactKey: Guid(586a1f93e92b9c2459b0af3cea9ab06c) Importer(815301076,1909f56bfc062723c751e8b465ee728b)
Start importing Assets/Prefabs/InGame/MainUI_Game.prefab using Guid(586a1f93e92b9c2459b0af3cea9ab06c) Importer(815301076,1909f56bfc062723c751e8b465ee728b)  -> (artifact id: '824e855062a021bb3cd12d1961e05c91') in 0.334464 seconds
Number of updated asset objects reloaded before import = 0
Number of asset objects unloaded after import = 4358
========================================================================
Received Import Request.
  Time since last request: 100.977823 seconds.
  path: Assets/Prefabs/InGame/MainUI_Game.prefab
  artifactKey: Guid(586a1f93e92b9c2459b0af3cea9ab06c) Importer(815301076,1909f56bfc062723c751e8b465ee728b)
Start importing Assets/Prefabs/InGame/MainUI_Game.prefab using Guid(586a1f93e92b9c2459b0af3cea9ab06c) Importer(815301076,1909f56bfc062723c751e8b465ee728b)  -> (artifact id: '45205f9193efddc2ffadc01534094b56') in 0.331168 seconds
Number of updated asset objects reloaded before import = 0
Number of asset objects unloaded after import = 4369
========================================================================
Received Import Request.
  Time since last request: 29.120484 seconds.
  path: Assets/Prefabs/InGame/MainUI_Game.prefab
  artifactKey: Guid(586a1f93e92b9c2459b0af3cea9ab06c) Importer(815301076,1909f56bfc062723c751e8b465ee728b)
Start importing Assets/Prefabs/InGame/MainUI_Game.prefab using Guid(586a1f93e92b9c2459b0af3cea9ab06c) Importer(815301076,1909f56bfc062723c751e8b465ee728b)  -> (artifact id: '9431c8bf2d4f56d58cdb65291a83cd30') in 0.336480 seconds
Number of updated asset objects reloaded before import = 0
Number of asset objects unloaded after import = 4369
========================================================================
Received Import Request.
  Time since last request: 16.412207 seconds.
  path: Assets/Prefabs/InGame/MainUI_Game.prefab
  artifactKey: Guid(586a1f93e92b9c2459b0af3cea9ab06c) Importer(815301076,1909f56bfc062723c751e8b465ee728b)
Start importing Assets/Prefabs/InGame/MainUI_Game.prefab using Guid(586a1f93e92b9c2459b0af3cea9ab06c) Importer(815301076,1909f56bfc062723c751e8b465ee728b)  -> (artifact id: '5c7a7026710f9a9e2235a6e4844dd4c3') in 0.336651 seconds
Number of updated asset objects reloaded before import = 0
Number of asset objects unloaded after import = 4380
========================================================================
Received Import Request.
  Time since last request: 15.910473 seconds.
  path: Assets/Prefabs/InGame/MainUI_Game.prefab
  artifactKey: Guid(586a1f93e92b9c2459b0af3cea9ab06c) Importer(815301076,1909f56bfc062723c751e8b465ee728b)
Start importing Assets/Prefabs/InGame/MainUI_Game.prefab using Guid(586a1f93e92b9c2459b0af3cea9ab06c) Importer(815301076,1909f56bfc062723c751e8b465ee728b)  -> (artifact id: '69c992c93dcecfb4384e92c45dc6667a') in 0.337918 seconds
Number of updated asset objects reloaded before import = 0
Number of asset objects unloaded after import = 4376
========================================================================
Received Import Request.
  Time since last request: 29.749348 seconds.
  path: Assets/Prefabs/InGame/MainUI_Game.prefab
  artifactKey: Guid(586a1f93e92b9c2459b0af3cea9ab06c) Importer(815301076,1909f56bfc062723c751e8b465ee728b)
Start importing Assets/Prefabs/InGame/MainUI_Game.prefab using Guid(586a1f93e92b9c2459b0af3cea9ab06c) Importer(815301076,1909f56bfc062723c751e8b465ee728b)  -> (artifact id: 'ea04fe6d75bda59a440dda7f77ea3819') in 0.334567 seconds
Number of updated asset objects reloaded before import = 0
Number of asset objects unloaded after import = 4381
========================================================================
Received Import Request.
  Time since last request: 10.442917 seconds.
  path: Assets/Prefabs/InGame/MainUI_Game.prefab
  artifactKey: Guid(586a1f93e92b9c2459b0af3cea9ab06c) Importer(815301076,1909f56bfc062723c751e8b465ee728b)
Start importing Assets/Prefabs/InGame/MainUI_Game.prefab using Guid(586a1f93e92b9c2459b0af3cea9ab06c) Importer(815301076,1909f56bfc062723c751e8b465ee728b)  -> (artifact id: 'bd9f0c87f0ff99c4efb8751f84ba2f6a') in 0.339224 seconds
Number of updated asset objects reloaded before import = 0
Number of asset objects unloaded after import = 4381
========================================================================
Received Import Request.
  Time since last request: 12.899170 seconds.
  path: Assets/Prefabs/InGame/MainUI_Game.prefab
  artifactKey: Guid(586a1f93e92b9c2459b0af3cea9ab06c) Importer(815301076,1909f56bfc062723c751e8b465ee728b)
Start importing Assets/Prefabs/InGame/MainUI_Game.prefab using Guid(586a1f93e92b9c2459b0af3cea9ab06c) Importer(815301076,1909f56bfc062723c751e8b465ee728b)  -> (artifact id: 'b9c5da0c27d0692a8ede40c0ca6b2a08') in 0.333287 seconds
Number of updated asset objects reloaded before import = 0
Number of asset objects unloaded after import = 4381
========================================================================
Received Import Request.
  Time since last request: 14.927267 seconds.
  path: Assets/Prefabs/InGame/MainUI_Game.prefab
  artifactKey: Guid(586a1f93e92b9c2459b0af3cea9ab06c) Importer(815301076,1909f56bfc062723c751e8b465ee728b)
Start importing Assets/Prefabs/InGame/MainUI_Game.prefab using Guid(586a1f93e92b9c2459b0af3cea9ab06c) Importer(815301076,1909f56bfc062723c751e8b465ee728b)  -> (artifact id: 'ab944987549bfd61e1a1fa66b9369e3f') in 0.334001 seconds
Number of updated asset objects reloaded before import = 0
Number of asset objects unloaded after import = 4381
========================================================================
Received Import Request.
  Time since last request: 110.399580 seconds.
  path: Assets/Prefabs/InGame/MainUI_Game.prefab
  artifactKey: Guid(586a1f93e92b9c2459b0af3cea9ab06c) Importer(815301076,1909f56bfc062723c751e8b465ee728b)
Start importing Assets/Prefabs/InGame/MainUI_Game.prefab using Guid(586a1f93e92b9c2459b0af3cea9ab06c) Importer(815301076,1909f56bfc062723c751e8b465ee728b)  -> (artifact id: 'ee8e332d1849b32d23957c9098d85b3a') in 0.343074 seconds
Number of updated asset objects reloaded before import = 0
Number of asset objects unloaded after import = 4381
========================================================================
Received Import Request.
  Time since last request: 6.113354 seconds.
  path: Assets/Prefabs/InGame/MainUI_Game.prefab
  artifactKey: Guid(586a1f93e92b9c2459b0af3cea9ab06c) Importer(815301076,1909f56bfc062723c751e8b465ee728b)
Start importing Assets/Prefabs/InGame/MainUI_Game.prefab using Guid(586a1f93e92b9c2459b0af3cea9ab06c) Importer(815301076,1909f56bfc062723c751e8b465ee728b)  -> (artifact id: '94ef725fff517dc2d7ef0f9f093a61d6') in 0.334916 seconds
Number of updated asset objects reloaded before import = 0
Number of asset objects unloaded after import = 4381
========================================================================
Received Import Request.
  Time since last request: 1.547781 seconds.
  path: Assets/Prefabs/InGame/MainUI_Game.prefab
  artifactKey: Guid(586a1f93e92b9c2459b0af3cea9ab06c) Importer(815301076,1909f56bfc062723c751e8b465ee728b)
Start importing Assets/Prefabs/InGame/MainUI_Game.prefab using Guid(586a1f93e92b9c2459b0af3cea9ab06c) Importer(815301076,1909f56bfc062723c751e8b465ee728b)  -> (artifact id: 'a3a9a4922abfbcf8ba5462de6de058cb') in 0.333494 seconds
Number of updated asset objects reloaded before import = 0
Number of asset objects unloaded after import = 4381
========================================================================
Received Import Request.
  Time since last request: 12.069435 seconds.
  path: Assets/Prefabs/InGame/MainUI_Game.prefab
  artifactKey: Guid(586a1f93e92b9c2459b0af3cea9ab06c) Importer(815301076,1909f56bfc062723c751e8b465ee728b)
Start importing Assets/Prefabs/InGame/MainUI_Game.prefab using Guid(586a1f93e92b9c2459b0af3cea9ab06c) Importer(815301076,1909f56bfc062723c751e8b465ee728b)  -> (artifact id: 'bfac80f3722eeee7e48a6a4aa9ba6503') in 0.335940 seconds
Number of updated asset objects reloaded before import = 0
Number of asset objects unloaded after import = 4381
========================================================================
Received Import Request.
  Time since last request: 40.084132 seconds.
  path: Assets/Prefabs/InGame/MainUI_Game.prefab
  artifactKey: Guid(586a1f93e92b9c2459b0af3cea9ab06c) Importer(815301076,1909f56bfc062723c751e8b465ee728b)
Start importing Assets/Prefabs/InGame/MainUI_Game.prefab using Guid(586a1f93e92b9c2459b0af3cea9ab06c) Importer(815301076,1909f56bfc062723c751e8b465ee728b)  -> (artifact id: '18c92f34fe678e8a6ec1db0f0414aa93') in 0.314970 seconds
Number of updated asset objects reloaded before import = 0
Number of asset objects unloaded after import = 2950
========================================================================
Received Import Request.
  Time since last request: 37.053944 seconds.
  path: Assets/Prefabs/InGame/MainUI_Game.prefab
  artifactKey: Guid(586a1f93e92b9c2459b0af3cea9ab06c) Importer(815301076,1909f56bfc062723c751e8b465ee728b)
Start importing Assets/Prefabs/InGame/MainUI_Game.prefab using Guid(586a1f93e92b9c2459b0af3cea9ab06c) Importer(815301076,1909f56bfc062723c751e8b465ee728b)  -> (artifact id: 'd622b854c28f3c62cea19caff239f734') in 0.313377 seconds
Number of updated asset objects reloaded before import = 0
Number of asset objects unloaded after import = 2951
========================================================================
Received Import Request.
  Time since last request: 14.995424 seconds.
  path: Assets/Prefabs/InGame/MainUI_Game.prefab
  artifactKey: Guid(586a1f93e92b9c2459b0af3cea9ab06c) Importer(815301076,1909f56bfc062723c751e8b465ee728b)
Start importing Assets/Prefabs/InGame/MainUI_Game.prefab using Guid(586a1f93e92b9c2459b0af3cea9ab06c) Importer(815301076,1909f56bfc062723c751e8b465ee728b)  -> (artifact id: '05c465936e64d71281c41332b125c196') in 0.307593 seconds
Number of updated asset objects reloaded before import = 0
Number of asset objects unloaded after import = 2951
========================================================================
Received Import Request.
  Time since last request: 40.856483 seconds.
  path: Assets/Prefabs/InGame/MainUI_Game.prefab
  artifactKey: Guid(586a1f93e92b9c2459b0af3cea9ab06c) Importer(815301076,1909f56bfc062723c751e8b465ee728b)
Start importing Assets/Prefabs/InGame/MainUI_Game.prefab using Guid(586a1f93e92b9c2459b0af3cea9ab06c) Importer(815301076,1909f56bfc062723c751e8b465ee728b)  -> (artifact id: '0435d354abdf2a0f8724cda3336d8e4b') in 0.289926 seconds
Number of updated asset objects reloaded before import = 0
Number of asset objects unloaded after import = 1271
========================================================================
Received Import Request.
  Time since last request: 20.444134 seconds.
  path: Assets/Prefabs/InGame/MainUI_Game.prefab
  artifactKey: Guid(586a1f93e92b9c2459b0af3cea9ab06c) Importer(815301076,1909f56bfc062723c751e8b465ee728b)
Start importing Assets/Prefabs/InGame/MainUI_Game.prefab using Guid(586a1f93e92b9c2459b0af3cea9ab06c) Importer(815301076,1909f56bfc062723c751e8b465ee728b)  -> (artifact id: '921a5ffb4e2341bf94c7351d69d6da7a') in 0.358740 seconds
Number of updated asset objects reloaded before import = 0
Number of asset objects unloaded after import = 5751
========================================================================
Received Import Request.
  Time since last request: 1239.832007 seconds.
  path: Assets/TextMesh Pro/Examples & Extras/Fonts/Roboto-Bold.ttf
  artifactKey: Guid(4beb055f07aaff244873dec698d0363e) Importer(815301076,1909f56bfc062723c751e8b465ee728b)
Start importing Assets/TextMesh Pro/Examples & Extras/Fonts/Roboto-Bold.ttf using Guid(4beb055f07aaff244873dec698d0363e) Importer(815301076,1909f56bfc062723c751e8b465ee728b)  -> (artifact id: 'bdc56773670ad61665a1d1468320514c') in 0.074237 seconds
Number of updated asset objects reloaded before import = 0
Number of asset objects unloaded after import = 4
========================================================================
Received Import Request.
  Time since last request: 0.000032 seconds.
  path: Assets/Prefabs/InGame/MainUI_Game.prefab
  artifactKey: Guid(586a1f93e92b9c2459b0af3cea9ab06c) Importer(815301076,1909f56bfc062723c751e8b465ee728b)
Start importing Assets/Prefabs/InGame/MainUI_Game.prefab using Guid(586a1f93e92b9c2459b0af3cea9ab06c) Importer(815301076,1909f56bfc062723c751e8b465ee728b)  -> (artifact id: '92c6caebb109b98cfa28ac9caebf92d6') in 0.388028 seconds
Number of updated asset objects reloaded before import = 0
Number of asset objects unloaded after import = 5828
Editor requested this worker to shutdown with reason: Scaling down because of idle timeout
TcpMessagingSession - receive error: operation aborted. errorcode: 995, details: 스레드 종료 또는 응용 프로그램 요청 때문에 I/O 작업이 취소되었습니다.
AssetImportWorker is now disconnected from the server
Process exiting
Exiting without the bug reporter. Application will terminate with return code 0