Using pre-set license
Built from '2022.3/staging' branch; Version is '2022.3.23f1 (dbb3f7c5b5c6) revision 14398455'; Using compiler version '192829333'; Build Type 'Release'
OS: 'Windows 10  (10.0.19045) 64bit Professional' Language: 'ko' Physical Memory: 81838 MB
BatchMode: 1, IsHumanControllingUs: 0, StartBugReporterOnCrash: 0, Is64bit: 1, IsPro: 1

COMMAND LINE ARGUMENTS:
C:\Program Files\Unity 2022.3.23f1\Editor\Unity.exe
-adb2
-batchMode
-noUpm
-name
AssetImportWorker8
-projectPath
C:/CookApps/Projects/MVP_UI_redesign/MVP_UI_Redesign
-logFile
Logs/AssetImportWorker8.log
-srvPort
1738
Successfully changed project path to: C:/CookApps/Projects/MVP_UI_redesign/MVP_UI_Redesign
C:/CookApps/Projects/MVP_UI_redesign/MVP_UI_Redesign
[UnityMemory] Configuration Parameters - Can be set up in boot.config
    "memorysetup-bucket-allocator-granularity=16"
    "memorysetup-bucket-allocator-bucket-count=8"
    "memorysetup-bucket-allocator-block-size=33554432"
    "memorysetup-bucket-allocator-block-count=8"
    "memorysetup-main-allocator-block-size=16777216"
    "memorysetup-thread-allocator-block-size=16777216"
    "memorysetup-gfx-main-allocator-block-size=16777216"
    "memorysetup-gfx-thread-allocator-block-size=16777216"
    "memorysetup-cache-allocator-block-size=4194304"
    "memorysetup-typetree-allocator-block-size=2097152"
    "memorysetup-profiler-bucket-allocator-granularity=16"
    "memorysetup-profiler-bucket-allocator-bucket-count=8"
    "memorysetup-profiler-bucket-allocator-block-size=33554432"
    "memorysetup-profiler-bucket-allocator-block-count=8"
    "memorysetup-profiler-allocator-block-size=16777216"
    "memorysetup-profiler-editor-allocator-block-size=1048576"
    "memorysetup-temp-allocator-size-main=16777216"
    "memorysetup-job-temp-allocator-block-size=2097152"
    "memorysetup-job-temp-allocator-block-size-background=1048576"
    "memorysetup-job-temp-allocator-reduction-small-platforms=262144"
    "memorysetup-allocator-temp-initial-block-size-main=262144"
    "memorysetup-allocator-temp-initial-block-size-worker=262144"
    "memorysetup-temp-allocator-size-background-worker=32768"
    "memorysetup-temp-allocator-size-job-worker=262144"
    "memorysetup-temp-allocator-size-preload-manager=33554432"
    "memorysetup-temp-allocator-size-nav-mesh-worker=65536"
    "memorysetup-temp-allocator-size-audio-worker=65536"
    "memorysetup-temp-allocator-size-cloud-worker=32768"
    "memorysetup-temp-allocator-size-gi-baking-worker=262144"
    "memorysetup-temp-allocator-size-gfx=262144"
Player connection [19696] Host "[IP] 192.168.45.224 [Port] 0 [Flags] 2 [Guid] 2348888280 [EditorId] 2348888280 [Version] 1048832 [Id] WindowsEditor(7,DESKTOP-NEP7GG6) [Debug] 1 [PackageName] WindowsEditor [ProjectName] Editor" joined multi-casting on [225.0.0.222:54997]...

Player connection [19696] Host "[IP] 192.168.45.224 [Port] 0 [Flags] 2 [Guid] 2348888280 [EditorId] 2348888280 [Version] 1048832 [Id] WindowsEditor(7,DESKTOP-NEP7GG6) [Debug] 1 [PackageName] WindowsEditor [ProjectName] Editor" joined alternative multi-casting on [225.0.0.222:34997]...

[Physics::Module] Initialized MultithreadedJobDispatcher with 7 workers.
Refreshing native plugins compatible for Editor in 6.79 ms, found 3 plugins.
Preloading 0 native plugins for Editor in 0.00 ms.
Initialize engine version: 2022.3.23f1 (dbb3f7c5b5c6)
[Subsystems] Discovering subsystems at path C:/Program Files/Unity 2022.3.23f1/Editor/Data/Resources/UnitySubsystems
[Subsystems] Discovering subsystems at path C:/CookApps/Projects/MVP_UI_redesign/MVP_UI_Redesign/Assets
GfxDevice: creating device client; threaded=0; jobified=0
Direct3D:
    Version:  Direct3D 11.0 [level 11.1]
    Renderer: NVIDIA GeForce RTX 2060 (ID=0x1f08)
    Vendor:   NVIDIA
    VRAM:     5955 MB
    Driver:   31.0.15.5222
Initialize mono
Mono path[0] = 'C:/Program Files/Unity 2022.3.23f1/Editor/Data/Managed'
Mono path[1] = 'C:/Program Files/Unity 2022.3.23f1/Editor/Data/MonoBleedingEdge/lib/mono/unityjit-win32'
Mono config path = 'C:/Program Files/Unity 2022.3.23f1/Editor/Data/MonoBleedingEdge/etc'
Using monoOptions --debugger-agent=transport=dt_socket,embedding=1,server=y,suspend=n,address=127.0.0.1:56992
Begin MonoManager ReloadAssembly
Registering precompiled unity dll's ...
Register platform support module: C:/Program Files/Unity 2022.3.23f1/Editor/Data/PlaybackEngines/AndroidPlayer/UnityEditor.Android.Extensions.dll
Register platform support module: C:/Program Files/Unity 2022.3.23f1/Editor/Data/PlaybackEngines/iOSSupport/UnityEditor.iOS.Extensions.dll
Register platform support module: C:/Program Files/Unity 2022.3.23f1/Editor/Data/PlaybackEngines/WindowsStandaloneSupport/UnityEditor.WindowsStandalone.Extensions.dll
Registered in 0.009274 seconds.
- Loaded All Assemblies, in  0.361 seconds
Native extension for WindowsStandalone target not found
[usbmuxd] Start listen thread
[usbmuxd] Listen thread started
Native extension for iOS target not found
Native extension for Android target not found
Mono: successfully reloaded assembly
- Finished resetting the current domain, in  0.326 seconds
Domain Reload Profiling: 685ms
	BeginReloadAssembly (106ms)
		ExecutionOrderSort (0ms)
		DisableScriptedObjects (0ms)
		BackupInstance (0ms)
		ReleaseScriptingObjects (0ms)
		CreateAndSetChildDomain (1ms)
	RebuildCommonClasses (35ms)
	RebuildNativeTypeToScriptingClass (11ms)
	initialDomainReloadingComplete (60ms)
	LoadAllAssembliesAndSetupDomain (147ms)
		LoadAssemblies (104ms)
		RebuildTransferFunctionScriptingTraits (0ms)
		AnalyzeDomain (145ms)
			TypeCache.Refresh (144ms)
				TypeCache.ScanAssembly (130ms)
			ScanForSourceGeneratedMonoScriptInfo (0ms)
			ResolveRequiredComponents (0ms)
	FinalizeReload (326ms)
		ReleaseScriptCaches (0ms)
		RebuildScriptCaches (0ms)
		SetupLoadedEditorAssemblies (267ms)
			LogAssemblyErrors (0ms)
			InitializePlatformSupportModulesInManaged (96ms)
			SetLoadedEditorAssemblies (4ms)
			RefreshPlugins (0ms)
			BeforeProcessingInitializeOnLoad (2ms)
			ProcessInitializeOnLoadAttributes (118ms)
			ProcessInitializeOnLoadMethodAttributes (46ms)
			AfterProcessingInitializeOnLoad (0ms)
			EditorAssembliesLoaded (0ms)
		ExecutionOrderSort2 (0ms)
		AwakeInstancesAfterBackupRestoration (0ms)
========================================================================
Worker process is ready to serve import requests
Begin MonoManager ReloadAssembly
- Loaded All Assemblies, in  0.611 seconds
Refreshing native plugins compatible for Editor in 3.66 ms, found 3 plugins.
Native extension for WindowsStandalone target not found
Native extension for iOS target not found
Native extension for Android target not found
Package Manager log level set to [2]
[Package Manager] Server::EnsureServerProcessIsRunning -- launch failed, reason: Unity was launched with the -noUpm command-line argument
[Package Manager] UpmClient::Send -- Unable to send message (not connected to UPM process).
[Package Manager] Cannot connect to Unity Package Manager local server
Mono: successfully reloaded assembly
- Finished resetting the current domain, in  0.566 seconds
Domain Reload Profiling: 1174ms
	BeginReloadAssembly (143ms)
		ExecutionOrderSort (0ms)
		DisableScriptedObjects (5ms)
		BackupInstance (0ms)
		ReleaseScriptingObjects (0ms)
		CreateAndSetChildDomain (21ms)
	RebuildCommonClasses (33ms)
	RebuildNativeTypeToScriptingClass (11ms)
	initialDomainReloadingComplete (40ms)
	LoadAllAssembliesAndSetupDomain (380ms)
		LoadAssemblies (277ms)
		RebuildTransferFunctionScriptingTraits (0ms)
		AnalyzeDomain (186ms)
			TypeCache.Refresh (166ms)
				TypeCache.ScanAssembly (150ms)
			ScanForSourceGeneratedMonoScriptInfo (14ms)
			ResolveRequiredComponents (5ms)
	FinalizeReload (567ms)
		ReleaseScriptCaches (0ms)
		RebuildScriptCaches (0ms)
		SetupLoadedEditorAssemblies (421ms)
			LogAssemblyErrors (0ms)
			InitializePlatformSupportModulesInManaged (35ms)
			SetLoadedEditorAssemblies (3ms)
			RefreshPlugins (0ms)
			BeforeProcessingInitializeOnLoad (61ms)
			ProcessInitializeOnLoadAttributes (291ms)
			ProcessInitializeOnLoadMethodAttributes (24ms)
			AfterProcessingInitializeOnLoad (7ms)
			EditorAssembliesLoaded (0ms)
		ExecutionOrderSort2 (0ms)
		AwakeInstancesAfterBackupRestoration (6ms)
Launched and connected shader compiler UnityShaderCompiler.exe after 0.03 seconds
Refreshing native plugins compatible for Editor in 2.95 ms, found 3 plugins.
Preloading 0 native plugins for Editor in 0.00 ms.
Unloading 3141 Unused Serialized files (Serialized files now loaded: 0)
Unloading 32 unused Assets / (57.0 KB). Loaded Objects now: 3606.
Memory consumption went from 131.2 MB to 131.1 MB.
Total: 2.735500 ms (FindLiveObjects: 0.303400 ms CreateObjectMapping: 0.213600 ms MarkObjects: 2.113200 ms  DeleteObjects: 0.103500 ms)

AssetImportParameters requested are different than current active one (requested -> active):
  custom:container-demuxer-ogg: 62fdf1f143b41e24485cea50d1cbac27 -> 
  custom:video-decoder-ogg-theora: a1e56fd34408186e4bbccfd4996cb3dc -> 
  custom:framework-win-MediaFoundation: 216162199b28c13a410421893ffa2e32 -> 
  custom:CustomObjectIndexerAttribute: 9a22284fe3817be447336de3de66b15e -> 
  custom:container-demuxer-webm: 4f35f7cbe854078d1ac9338744f61a02 -> 
  custom:container-muxer-webm: aa71ff27fc2769a1b78a27578f13a17b -> 
  custom:video-decoder-webm-vp8: 9c59270c3fd7afecdb556c50c9e8de78 -> 
  custom:SearchIndexIgnoredProperties: e643bd26f0fe6173181afceb89e7c659 -> 
  custom:AudioImporter_EditorPlatform: d09bf68614088b80899f8185d706f6e7 -> 
  custom:video-encoder-webm-vp8: eb34c28f22e8b96e1ab97ce403110664 -> 
  custom:audio-decoder-ogg-vorbis: bf7c407c2cedff20999df2af8eb42d56 -> 
  custom:audio-encoder-webm-vorbis: bf7c407c2cedff20999df2af8eb42d56 -> 
========================================================================
Received Import Request.
  Time since last request: 4535.960762 seconds.
  path: Assets/Prefabs/Common/Component/HUD/Img_Icon_Lobby_Menu_3.png
  artifactKey: Guid(2681d51fd121e6743b9d735948b3e9c2) Importer(815301076,1909f56bfc062723c751e8b465ee728b)
Start importing Assets/Prefabs/Common/Component/HUD/Img_Icon_Lobby_Menu_3.png using Guid(2681d51fd121e6743b9d735948b3e9c2) Importer(815301076,1909f56bfc062723c751e8b465ee728b)  -> (artifact id: '2edf680675e0b8ae5fc6d60f06f10d41') in 0.078076 seconds
Number of updated asset objects reloaded before import = 0
Number of asset objects unloaded after import = 3
========================================================================
Received Import Request.
  Time since last request: 111.023433 seconds.
  path: Assets/Prefabs/Common/Component/HUD/CanvasHUD_Menu.prefab
  artifactKey: Guid(3743e6f30446c0a4cb551e8434346524) Importer(815301076,1909f56bfc062723c751e8b465ee728b)
Start importing Assets/Prefabs/Common/Component/HUD/CanvasHUD_Menu.prefab using Guid(3743e6f30446c0a4cb551e8434346524) Importer(815301076,1909f56bfc062723c751e8b465ee728b)  -> (artifact id: 'fcecb96855462bbef3ea638214c042f6') in 0.014715 seconds
Number of updated asset objects reloaded before import = 0
Number of asset objects unloaded after import = 47
========================================================================
Received Import Request.
  Time since last request: 28.928051 seconds.
  path: Assets/Prefabs/Common/Lobby_4.prefab
  artifactKey: Guid(e0fbde95597347540a1a2aa8a093985d) Importer(815301076,1909f56bfc062723c751e8b465ee728b)
Start importing Assets/Prefabs/Common/Lobby_4.prefab using Guid(e0fbde95597347540a1a2aa8a093985d) Importer(815301076,1909f56bfc062723c751e8b465ee728b)  -> (artifact id: 'abacf54c355cbf085a1b9c8f69753ec6') in 0.399041 seconds
Number of updated asset objects reloaded before import = 0
Number of asset objects unloaded after import = 7114
========================================================================
Received Import Request.
  Time since last request: 4.913627 seconds.
  path: Assets/Prefabs/Common/MainUI_Lobby.prefab
  artifactKey: Guid(e0fbde95597347540a1a2aa8a093985d) Importer(815301076,1909f56bfc062723c751e8b465ee728b)
Start importing Assets/Prefabs/Common/MainUI_Lobby.prefab using Guid(e0fbde95597347540a1a2aa8a093985d) Importer(815301076,1909f56bfc062723c751e8b465ee728b)  -> (artifact id: '414d2036331d8c4f57a2413eb800efa4') in 0.367847 seconds
Number of updated asset objects reloaded before import = 0
Number of asset objects unloaded after import = 7114
========================================================================
Received Import Request.
  Time since last request: 9.661493 seconds.
  path: Assets/Prefabs/Common/MainUI_Lobby.prefab
  artifactKey: Guid(e0fbde95597347540a1a2aa8a093985d) Importer(815301076,1909f56bfc062723c751e8b465ee728b)
Start importing Assets/Prefabs/Common/MainUI_Lobby.prefab using Guid(e0fbde95597347540a1a2aa8a093985d) Importer(815301076,1909f56bfc062723c751e8b465ee728b)  -> (artifact id: '5342e3a321beabaec0394d5fde83e81a') in 0.001723 seconds
Number of updated asset objects reloaded before import = 0
Number of asset objects unloaded after import = 5
========================================================================
Received Import Request.
  Time since last request: 20.539326 seconds.
  path: Assets/Prefabs/Lobby/Lobby_4.prefab
  artifactKey: Guid(32e573f0526a6804aa328de1651c3c3f) Importer(815301076,1909f56bfc062723c751e8b465ee728b)
Start importing Assets/Prefabs/Lobby/Lobby_4.prefab using Guid(32e573f0526a6804aa328de1651c3c3f) Importer(815301076,1909f56bfc062723c751e8b465ee728b)  -> (artifact id: 'a3879dc64c78143a428a3c136cd990cd') in 0.375156 seconds
Number of updated asset objects reloaded before import = 0
Number of asset objects unloaded after import = 7114
========================================================================
Received Import Request.
  Time since last request: 11.463622 seconds.
  path: Assets/Prefabs/Common/MainUI_Lobby.prefab
  artifactKey: Guid(e0fbde95597347540a1a2aa8a093985d) Importer(815301076,1909f56bfc062723c751e8b465ee728b)
Start importing Assets/Prefabs/Common/MainUI_Lobby.prefab using Guid(e0fbde95597347540a1a2aa8a093985d) Importer(815301076,1909f56bfc062723c751e8b465ee728b)  -> (artifact id: 'ccac885a4dc8cf55d6383f0bf33b60c9') in 0.376704 seconds
Number of updated asset objects reloaded before import = 0
Number of asset objects unloaded after import = 7160
========================================================================
Received Import Request.
  Time since last request: 76.962496 seconds.
  path: Assets/Prefabs/Common/MainUI_Lobby.prefab
  artifactKey: Guid(e0fbde95597347540a1a2aa8a093985d) Importer(815301076,1909f56bfc062723c751e8b465ee728b)
Start importing Assets/Prefabs/Common/MainUI_Lobby.prefab using Guid(e0fbde95597347540a1a2aa8a093985d) Importer(815301076,1909f56bfc062723c751e8b465ee728b)  -> (artifact id: 'babfddf2a6909ae910dcd30b3c96d6d6') in 0.378540 seconds
Number of updated asset objects reloaded before import = 0
Number of asset objects unloaded after import = 7160
========================================================================
Received Import Request.
  Time since last request: 6.407278 seconds.
  path: Assets/Prefabs/Common/MainUI_Lobby.prefab
  artifactKey: Guid(e0fbde95597347540a1a2aa8a093985d) Importer(815301076,1909f56bfc062723c751e8b465ee728b)
Start importing Assets/Prefabs/Common/MainUI_Lobby.prefab using Guid(e0fbde95597347540a1a2aa8a093985d) Importer(815301076,1909f56bfc062723c751e8b465ee728b)  -> (artifact id: '5356d57622e2b046f11baee72d0350dd') in 0.377335 seconds
Number of updated asset objects reloaded before import = 0
Number of asset objects unloaded after import = 7160
========================================================================
Received Import Request.
  Time since last request: 48.647239 seconds.
  path: Assets/Prefabs/Common/MainUI_Lobby.prefab
  artifactKey: Guid(e0fbde95597347540a1a2aa8a093985d) Importer(815301076,1909f56bfc062723c751e8b465ee728b)
Start importing Assets/Prefabs/Common/MainUI_Lobby.prefab using Guid(e0fbde95597347540a1a2aa8a093985d) Importer(815301076,1909f56bfc062723c751e8b465ee728b)  -> (artifact id: 'ad04af9133573aa7a210558d4ce40bde') in 0.372837 seconds
Number of updated asset objects reloaded before import = 0
Number of asset objects unloaded after import = 7168
========================================================================
Received Import Request.
  Time since last request: 203.148792 seconds.
  path: Assets/Prefabs/Common/MainUI_Lobby.prefab
  artifactKey: Guid(e0fbde95597347540a1a2aa8a093985d) Importer(815301076,1909f56bfc062723c751e8b465ee728b)
Start importing Assets/Prefabs/Common/MainUI_Lobby.prefab using Guid(e0fbde95597347540a1a2aa8a093985d) Importer(815301076,1909f56bfc062723c751e8b465ee728b)  -> (artifact id: '6767ccbf453223e822f840b27bfb6f1c') in 0.381920 seconds
Number of updated asset objects reloaded before import = 0
Number of asset objects unloaded after import = 7172
========================================================================
Received Import Request.
  Time since last request: 12.375316 seconds.
  path: Assets/Prefabs/Common/Component/HUD/CanvasHUD_Menu.prefab
  artifactKey: Guid(3743e6f30446c0a4cb551e8434346524) Importer(815301076,1909f56bfc062723c751e8b465ee728b)
Start importing Assets/Prefabs/Common/Component/HUD/CanvasHUD_Menu.prefab using Guid(3743e6f30446c0a4cb551e8434346524) Importer(815301076,1909f56bfc062723c751e8b465ee728b)  -> (artifact id: '5724d7e9395e12433b858d565f37755b') in 0.005050 seconds
Number of updated asset objects reloaded before import = 0
Number of asset objects unloaded after import = 60
========================================================================
Received Import Request.
  Time since last request: 11.882264 seconds.
  path: Assets/Prefabs/Common/Component/HUD/CanvasHUD_Menu.prefab
  artifactKey: Guid(3743e6f30446c0a4cb551e8434346524) Importer(815301076,1909f56bfc062723c751e8b465ee728b)
Start importing Assets/Prefabs/Common/Component/HUD/CanvasHUD_Menu.prefab using Guid(3743e6f30446c0a4cb551e8434346524) Importer(815301076,1909f56bfc062723c751e8b465ee728b)  -> (artifact id: '3026b056188b84e780d1984a96bf67e3') in 0.003277 seconds
Number of updated asset objects reloaded before import = 0
Number of asset objects unloaded after import = 60
========================================================================
Received Import Request.
  Time since last request: 82.103380 seconds.
  path: Assets/Prefabs/Common/Component/HUD/CanvasHUD_Menu.prefab
  artifactKey: Guid(3743e6f30446c0a4cb551e8434346524) Importer(815301076,1909f56bfc062723c751e8b465ee728b)
Start importing Assets/Prefabs/Common/Component/HUD/CanvasHUD_Menu.prefab using Guid(3743e6f30446c0a4cb551e8434346524) Importer(815301076,1909f56bfc062723c751e8b465ee728b)  -> (artifact id: 'bcf498aea2859448ea48c4d98193a2fd') in 0.003744 seconds
Number of updated asset objects reloaded before import = 0
Number of asset objects unloaded after import = 60
========================================================================
Received Import Request.
  Time since last request: 22.262129 seconds.
  path: Assets/Prefabs/Common/Component/HUD/CanvasHUD_Menu.prefab
  artifactKey: Guid(3743e6f30446c0a4cb551e8434346524) Importer(815301076,1909f56bfc062723c751e8b465ee728b)
Start importing Assets/Prefabs/Common/Component/HUD/CanvasHUD_Menu.prefab using Guid(3743e6f30446c0a4cb551e8434346524) Importer(815301076,1909f56bfc062723c751e8b465ee728b)  -> (artifact id: '5e79bf1feb9030b8bf02efda58e62850') in 0.003563 seconds
Number of updated asset objects reloaded before import = 0
Number of asset objects unloaded after import = 72
========================================================================
Received Import Request.
  Time since last request: 79.211183 seconds.
  path: Assets/Prefabs/Common/Component/HUD/CanvasHUD_Menu.prefab
  artifactKey: Guid(3743e6f30446c0a4cb551e8434346524) Importer(815301076,1909f56bfc062723c751e8b465ee728b)
Start importing Assets/Prefabs/Common/Component/HUD/CanvasHUD_Menu.prefab using Guid(3743e6f30446c0a4cb551e8434346524) Importer(815301076,1909f56bfc062723c751e8b465ee728b)  -> (artifact id: '1b04dda1e10ee35112bc7da4dc09b7f8') in 0.006564 seconds
Number of updated asset objects reloaded before import = 0
Number of asset objects unloaded after import = 72
========================================================================
Received Import Request.
  Time since last request: 279.983542 seconds.
  path: Assets/Prefabs/Common/Component/HUD/CanvasHUD_Menu.prefab
  artifactKey: Guid(3743e6f30446c0a4cb551e8434346524) Importer(815301076,1909f56bfc062723c751e8b465ee728b)
Start importing Assets/Prefabs/Common/Component/HUD/CanvasHUD_Menu.prefab using Guid(3743e6f30446c0a4cb551e8434346524) Importer(815301076,1909f56bfc062723c751e8b465ee728b)  -> (artifact id: '3cf189c2f01d76382e459dedccfc54f4') in 0.003380 seconds
Number of updated asset objects reloaded before import = 0
Number of asset objects unloaded after import = 72
========================================================================
Received Import Request.
  Time since last request: 216.071499 seconds.
  path: Assets/Prefabs/Common/Component/HUD/CanvasHUD_Menu.prefab
  artifactKey: Guid(3743e6f30446c0a4cb551e8434346524) Importer(815301076,1909f56bfc062723c751e8b465ee728b)
Start importing Assets/Prefabs/Common/Component/HUD/CanvasHUD_Menu.prefab using Guid(3743e6f30446c0a4cb551e8434346524) Importer(815301076,1909f56bfc062723c751e8b465ee728b)  -> (artifact id: '63c08dd4e3779360063eb147c8a453e9') in 0.004795 seconds
Number of updated asset objects reloaded before import = 0
Number of asset objects unloaded after import = 72
========================================================================
Received Import Request.
  Time since last request: 40.465526 seconds.
  path: Assets/Prefabs/Common/Popup/Popup_Info_Item.prefab
  artifactKey: Guid(38355627fd0f0e84287806d10c8c91d1) Importer(815301076,1909f56bfc062723c751e8b465ee728b)
Start importing Assets/Prefabs/Common/Popup/Popup_Info_Item.prefab using Guid(38355627fd0f0e84287806d10c8c91d1) Importer(815301076,1909f56bfc062723c751e8b465ee728b)  -> (artifact id: 'a5dde24eb57246fbb447bf20f11ecea1') in 0.276684 seconds
Number of updated asset objects reloaded before import = 0
Number of asset objects unloaded after import = 588
========================================================================
Received Import Request.
  Time since last request: 2.480543 seconds.
  path: Assets/Prefabs/Lobby/Lobby_4 1.prefab
  artifactKey: Guid(463d61bc52088e94cafd06e0b499bac7) Importer(815301076,1909f56bfc062723c751e8b465ee728b)
Start importing Assets/Prefabs/Lobby/Lobby_4 1.prefab using Guid(463d61bc52088e94cafd06e0b499bac7) Importer(815301076,1909f56bfc062723c751e8b465ee728b)  -> (artifact id: '7e622c33b475fd8cca4694af4ad37de2') in 0.365535 seconds
Number of updated asset objects reloaded before import = 0
Number of asset objects unloaded after import = 7114
========================================================================
Received Import Request.
  Time since last request: 2.332616 seconds.
  path: Assets/Prefabs/Lobby/Lobby_3.prefab
  artifactKey: Guid(463d61bc52088e94cafd06e0b499bac7) Importer(815301076,1909f56bfc062723c751e8b465ee728b)
Start importing Assets/Prefabs/Lobby/Lobby_3.prefab using Guid(463d61bc52088e94cafd06e0b499bac7) Importer(815301076,1909f56bfc062723c751e8b465ee728b)  -> (artifact id: '50c52fab7472c71f93eb54a9699e9a7b') in 0.367102 seconds
Number of updated asset objects reloaded before import = 0
Number of asset objects unloaded after import = 7114
========================================================================
Received Import Request.
  Time since last request: 9.556902 seconds.
  path: Assets/Prefabs/Lobby/Lobby_3.prefab
  artifactKey: Guid(463d61bc52088e94cafd06e0b499bac7) Importer(815301076,1909f56bfc062723c751e8b465ee728b)
Start importing Assets/Prefabs/Lobby/Lobby_3.prefab using Guid(463d61bc52088e94cafd06e0b499bac7) Importer(815301076,1909f56bfc062723c751e8b465ee728b)  -> (artifact id: 'df1eb9aedffda0c5e91addb20624547a') in 0.002369 seconds
Number of updated asset objects reloaded before import = 0
Number of asset objects unloaded after import = 5
========================================================================
Received Import Request.
  Time since last request: 20.178140 seconds.
  path: Assets/Prefabs/Lobby/Lobby_3.prefab
  artifactKey: Guid(463d61bc52088e94cafd06e0b499bac7) Importer(815301076,1909f56bfc062723c751e8b465ee728b)
Start importing Assets/Prefabs/Lobby/Lobby_3.prefab using Guid(463d61bc52088e94cafd06e0b499bac7) Importer(815301076,1909f56bfc062723c751e8b465ee728b)  -> (artifact id: 'e003c45ef466bae537f60d98fd3723cb') in 0.002550 seconds
Number of updated asset objects reloaded before import = 0
Number of asset objects unloaded after import = 9
========================================================================
Received Import Request.
  Time since last request: 824.744113 seconds.
  path: Assets/Prefabs/Lobby/Lobby_3.prefab
  artifactKey: Guid(463d61bc52088e94cafd06e0b499bac7) Importer(815301076,1909f56bfc062723c751e8b465ee728b)
Start importing Assets/Prefabs/Lobby/Lobby_3.prefab using Guid(463d61bc52088e94cafd06e0b499bac7) Importer(815301076,1909f56bfc062723c751e8b465ee728b)  -> (artifact id: '339e572bd34250f73c8d688aeff5f1a0') in 0.001697 seconds
Number of updated asset objects reloaded before import = 0
Number of asset objects unloaded after import = 9
========================================================================
Received Import Request.
  Time since last request: 457.494370 seconds.
  path: Assets/TextMesh Pro/Examples & Extras/Resources/Fonts & Materials/Anton SDF.asset
  artifactKey: Guid(8a89fa14b10d46a99122fd4f73fca9a2) Importer(815301076,1909f56bfc062723c751e8b465ee728b)
Start importing Assets/TextMesh Pro/Examples & Extras/Resources/Fonts & Materials/Anton SDF.asset using Guid(8a89fa14b10d46a99122fd4f73fca9a2) Importer(815301076,1909f56bfc062723c751e8b465ee728b)  -> (artifact id: '379f29f1ef6023123f4f919a375d1033') in 0.063978 seconds
Number of updated asset objects reloaded before import = 0
Number of asset objects unloaded after import = 6
========================================================================
Received Import Request.
  Time since last request: 0.000028 seconds.
  path: Assets/TextMesh Pro/Resources/Fonts & Materials/LiberationSans SDF - Fallback.asset
  artifactKey: Guid(2e498d1c8094910479dc3e1b768306a4) Importer(815301076,1909f56bfc062723c751e8b465ee728b)
Start importing Assets/TextMesh Pro/Resources/Fonts & Materials/LiberationSans SDF - Fallback.asset using Guid(2e498d1c8094910479dc3e1b768306a4) Importer(815301076,1909f56bfc062723c751e8b465ee728b)  -> (artifact id: '0da555759b13c497f5f22b7b30178f2b') in 0.011943 seconds
Number of updated asset objects reloaded before import = 0
Number of asset objects unloaded after import = 6
========================================================================
Received Import Request.
  Time since last request: 0.000023 seconds.
  path: Assets/TextMesh Pro/Examples & Extras/Resources/Fonts & Materials/Roboto-Bold SDF.asset
  artifactKey: Guid(5302535af1044152a457ed104f1f4b91) Importer(815301076,1909f56bfc062723c751e8b465ee728b)
Start importing Assets/TextMesh Pro/Examples & Extras/Resources/Fonts & Materials/Roboto-Bold SDF.asset using Guid(5302535af1044152a457ed104f1f4b91) Importer(815301076,1909f56bfc062723c751e8b465ee728b)  -> (artifact id: '78a1d67c38a06dbe4aca65362cea8032') in 0.026473 seconds
Number of updated asset objects reloaded before import = 0
Number of asset objects unloaded after import = 6
========================================================================
Received Import Request.
  Time since last request: 0.000014 seconds.
  path: Assets/TextMesh Pro/Resources/Fonts & Materials/LiberationSans SDF.asset
  artifactKey: Guid(8f586378b4e144a9851e7b34d9b748ee) Importer(815301076,1909f56bfc062723c751e8b465ee728b)
Start importing Assets/TextMesh Pro/Resources/Fonts & Materials/LiberationSans SDF.asset using Guid(8f586378b4e144a9851e7b34d9b748ee) Importer(815301076,1909f56bfc062723c751e8b465ee728b)  -> (artifact id: '57cb0d0a4a733b356e121757519bbf83') in 0.031192 seconds
Number of updated asset objects reloaded before import = 0
Number of asset objects unloaded after import = 9
========================================================================
Received Import Request.
  Time since last request: 0.000013 seconds.
  path: Assets/TextMesh Pro/Examples & Extras/Resources/Fonts & Materials/Electronic Highway Sign SDF.asset
  artifactKey: Guid(dc36b3fdc14f47ebb36fd484a67e268a) Importer(815301076,1909f56bfc062723c751e8b465ee728b)
Start importing Assets/TextMesh Pro/Examples & Extras/Resources/Fonts & Materials/Electronic Highway Sign SDF.asset using Guid(dc36b3fdc14f47ebb36fd484a67e268a) Importer(815301076,1909f56bfc062723c751e8b465ee728b)  -> (artifact id: 'ef4d6d465775a8855a677881ce7b5b92') in 0.010777 seconds
Number of updated asset objects reloaded before import = 0
Number of asset objects unloaded after import = 6
========================================================================
Received Import Request.
  Time since last request: 0.000017 seconds.
  path: Assets/TextMesh Pro/Examples & Extras/Resources/Fonts & Materials/Oswald Bold SDF.asset
  artifactKey: Guid(0161d805a3764c089bef00bfe00793f5) Importer(815301076,1909f56bfc062723c751e8b465ee728b)
Start importing Assets/TextMesh Pro/Examples & Extras/Resources/Fonts & Materials/Oswald Bold SDF.asset using Guid(0161d805a3764c089bef00bfe00793f5) Importer(815301076,1909f56bfc062723c751e8b465ee728b)  -> (artifact id: '4b12c546deb34e105cce0a8c90a13c67') in 0.010061 seconds
Number of updated asset objects reloaded before import = 0
Number of asset objects unloaded after import = 6
Editor requested this worker to shutdown with reason: Scaling down because of idle timeout
TcpMessagingSession - receive error: operation aborted. errorcode: 995, details: 스레드 종료 또는 응용 프로그램 요청 때문에 I/O 작업이 취소되었습니다.
AssetImportWorker is now disconnected from the server
Process exiting
Exiting without the bug reporter. Application will terminate with return code 0