Using pre-set license
Built from '2022.3/staging' branch; Version is '2022.3.23f1 (dbb3f7c5b5c6) revision 14398455'; Using compiler version '192829333'; Build Type 'Release'
OS: 'Windows 10  (10.0.19045) 64bit Professional' Language: 'ko' Physical Memory: 65390 MB
BatchMode: 1, IsHumanControllingUs: 0, StartBugReporterOnCrash: 0, Is64bit: 1, IsPro: 1

COMMAND LINE ARGUMENTS:
C:\Program Files\Unity\Hub\Editor\2022.3.23f1\Editor\Unity.exe
-adb2
-batchMode
-noUpm
-name
AssetImportWorker1
-projectPath
C:/Users/Cookapps/Desktop/CookAppsProjects/MVP_UI_Redesign/MVP_UI_Redesign
-logFile
Logs/AssetImportWorker1.log
-srvPort
62351
Successfully changed project path to: C:/Users/Cookapps/Desktop/CookAppsProjects/MVP_UI_Redesign/MVP_UI_Redesign
C:/Users/Cookapps/Desktop/CookAppsProjects/MVP_UI_Redesign/MVP_UI_Redesign
[UnityMemory] Configuration Parameters - Can be set up in boot.config
    "memorysetup-bucket-allocator-granularity=16"
    "memorysetup-bucket-allocator-bucket-count=8"
    "memorysetup-bucket-allocator-block-size=33554432"
    "memorysetup-bucket-allocator-block-count=8"
    "memorysetup-main-allocator-block-size=16777216"
    "memorysetup-thread-allocator-block-size=16777216"
    "memorysetup-gfx-main-allocator-block-size=16777216"
    "memorysetup-gfx-thread-allocator-block-size=16777216"
    "memorysetup-cache-allocator-block-size=4194304"
    "memorysetup-typetree-allocator-block-size=2097152"
    "memorysetup-profiler-bucket-allocator-granularity=16"
    "memorysetup-profiler-bucket-allocator-bucket-count=8"
    "memorysetup-profiler-bucket-allocator-block-size=33554432"
    "memorysetup-profiler-bucket-allocator-block-count=8"
    "memorysetup-profiler-allocator-block-size=16777216"
    "memorysetup-profiler-editor-allocator-block-size=1048576"
    "memorysetup-temp-allocator-size-main=16777216"
    "memorysetup-job-temp-allocator-block-size=2097152"
    "memorysetup-job-temp-allocator-block-size-background=1048576"
    "memorysetup-job-temp-allocator-reduction-small-platforms=262144"
    "memorysetup-allocator-temp-initial-block-size-main=262144"
    "memorysetup-allocator-temp-initial-block-size-worker=262144"
    "memorysetup-temp-allocator-size-background-worker=32768"
    "memorysetup-temp-allocator-size-job-worker=262144"
    "memorysetup-temp-allocator-size-preload-manager=33554432"
    "memorysetup-temp-allocator-size-nav-mesh-worker=65536"
    "memorysetup-temp-allocator-size-audio-worker=65536"
    "memorysetup-temp-allocator-size-cloud-worker=32768"
    "memorysetup-temp-allocator-size-gi-baking-worker=262144"
    "memorysetup-temp-allocator-size-gfx=262144"
Player connection [31140] Host "[IP] 192.168.2.75 [Port] 0 [Flags] 2 [Guid] 4273246900 [EditorId] 4273246900 [Version] 1048832 [Id] WindowsEditor(7,thyang-pc) [Debug] 1 [PackageName] WindowsEditor [ProjectName] Editor" joined multi-casting on [225.0.0.222:54997]...

Player connection [31140] Host "[IP] 192.168.2.75 [Port] 0 [Flags] 2 [Guid] 4273246900 [EditorId] 4273246900 [Version] 1048832 [Id] WindowsEditor(7,thyang-pc) [Debug] 1 [PackageName] WindowsEditor [ProjectName] Editor" joined alternative multi-casting on [225.0.0.222:34997]...

[Physics::Module] Initialized MultithreadedJobDispatcher with 15 workers.
Refreshing native plugins compatible for Editor in 7.59 ms, found 3 plugins.
Preloading 0 native plugins for Editor in 0.00 ms.
Initialize engine version: 2022.3.23f1 (dbb3f7c5b5c6)
[Subsystems] Discovering subsystems at path C:/Program Files/Unity/Hub/Editor/2022.3.23f1/Editor/Data/Resources/UnitySubsystems
[Subsystems] Discovering subsystems at path C:/Users/Cookapps/Desktop/CookAppsProjects/MVP_UI_Redesign/MVP_UI_Redesign/Assets
GfxDevice: creating device client; threaded=0; jobified=0
Direct3D:
    Version:  Direct3D 11.0 [level 11.1]
    Renderer: NVIDIA GeForce RTX 3060 (ID=0x2487)
    Vendor:   NVIDIA
    VRAM:     12124 MB
    Driver:   31.0.15.3623
Initialize mono
Mono path[0] = 'C:/Program Files/Unity/Hub/Editor/2022.3.23f1/Editor/Data/Managed'
Mono path[1] = 'C:/Program Files/Unity/Hub/Editor/2022.3.23f1/Editor/Data/MonoBleedingEdge/lib/mono/unityjit-win32'
Mono config path = 'C:/Program Files/Unity/Hub/Editor/2022.3.23f1/Editor/Data/MonoBleedingEdge/etc'
Using monoOptions --debugger-agent=transport=dt_socket,embedding=1,server=y,suspend=n,address=127.0.0.1:56888
Begin MonoManager ReloadAssembly
Registering precompiled unity dll's ...
Register platform support module: C:/Program Files/Unity/Hub/Editor/2022.3.23f1/Editor/Data/PlaybackEngines/AndroidPlayer/UnityEditor.Android.Extensions.dll
Register platform support module: C:/Program Files/Unity/Hub/Editor/2022.3.23f1/Editor/Data/PlaybackEngines/iOSSupport/UnityEditor.iOS.Extensions.dll
Register platform support module: C:/Program Files/Unity/Hub/Editor/2022.3.23f1/Editor/Data/PlaybackEngines/WindowsStandaloneSupport/UnityEditor.WindowsStandalone.Extensions.dll
Registered in 0.009015 seconds.
- Loaded All Assemblies, in  0.340 seconds
Native extension for WindowsStandalone target not found
[usbmuxd] Start listen thread
[usbmuxd] Listen thread started
Native extension for iOS target not found
Native extension for Android target not found
CommandWithNoStdoutInvokationFailure: Unable to start ADB server. Please make sure the Android SDK is installed and is properly configured in the Editor. See the Console for more details.
  at UnityEditor.Android.Command.RunWithShellExecute (System.String command, System.String args, System.String workingdir, System.String errorMsg) [0x00060] in <e0f86d9fe11d48b2b406f2dbac04ce1b>:0 
  at UnityEditor.Android.ADB.StartServer () [0x00013] in <e0f86d9fe11d48b2b406f2dbac04ce1b>:0 
  at UnityEditor.Android.ADB.Run (System.String[] command, UnityEditor.Android.Command+WaitingForProcessToExit waitingForProcessToExit, System.String errorMsg) [0x0000b] in <e0f86d9fe11d48b2b406f2dbac04ce1b>:0 
  at UnityEditor.Android.AndroidDeploymentTargetsExtension.GetKnownTargets (UnityEditor.DeploymentTargets.IDeploymentTargetsMainThreadContext context, UnityEditor.ProgressHandler progressHandler) [0x002ae] in <e0f86d9fe11d48b2b406f2dbac04ce1b>:0 
  at UnityEditor.Android.TargetScanWorker.ScanSync () [0x00039] in <e0f86d9fe11d48b2b406f2dbac04ce1b>:0 
  at UnityEditor.Android.TargetExtension.OnUsbDevicesChanged (UnityEditor.Hardware.UsbDevice[] usbDevices) [0x00081] in <e0f86d9fe11d48b2b406f2dbac04ce1b>:0 
  at UnityEditor.Android.TargetExtension.OnLoad () [0x000ad] in <e0f86d9fe11d48b2b406f2dbac04ce1b>:0 
  at UnityEditor.Modules.ModuleManager.InitializePlatformSupportModules () [0x0009d] in <1899c5bd2a6d466081cd705bee01d689>:0 

Mono: successfully reloaded assembly
- Finished resetting the current domain, in  3.478 seconds
Domain Reload Profiling: 3817ms
	BeginReloadAssembly (123ms)
		ExecutionOrderSort (0ms)
		DisableScriptedObjects (0ms)
		BackupInstance (0ms)
		ReleaseScriptingObjects (0ms)
		CreateAndSetChildDomain (1ms)
	RebuildCommonClasses (37ms)
	RebuildNativeTypeToScriptingClass (9ms)
	initialDomainReloadingComplete (51ms)
	LoadAllAssembliesAndSetupDomain (118ms)
		LoadAssemblies (121ms)
		RebuildTransferFunctionScriptingTraits (0ms)
		AnalyzeDomain (116ms)
			TypeCache.Refresh (115ms)
				TypeCache.ScanAssembly (104ms)
			ScanForSourceGeneratedMonoScriptInfo (0ms)
			ResolveRequiredComponents (0ms)
	FinalizeReload (3478ms)
		ReleaseScriptCaches (0ms)
		RebuildScriptCaches (0ms)
		SetupLoadedEditorAssemblies (3432ms)
			LogAssemblyErrors (0ms)
			InitializePlatformSupportModulesInManaged (3301ms)
			SetLoadedEditorAssemblies (3ms)
			RefreshPlugins (0ms)
			BeforeProcessingInitializeOnLoad (2ms)
			ProcessInitializeOnLoadAttributes (86ms)
			ProcessInitializeOnLoadMethodAttributes (40ms)
			AfterProcessingInitializeOnLoad (0ms)
			EditorAssembliesLoaded (0ms)
		ExecutionOrderSort2 (0ms)
		AwakeInstancesAfterBackupRestoration (0ms)
========================================================================
Worker process is ready to serve import requests
Begin MonoManager ReloadAssembly
- Loaded All Assemblies, in  0.509 seconds
Refreshing native plugins compatible for Editor in 3.24 ms, found 3 plugins.
Native extension for WindowsStandalone target not found
Native extension for iOS target not found
Native extension for Android target not found
Package Manager log level set to [2]
[Package Manager] Server::EnsureServerProcessIsRunning -- launch failed, reason: Unity was launched with the -noUpm command-line argument
[Package Manager] UpmClient::Send -- Unable to send message (not connected to UPM process).
[Package Manager] Cannot connect to Unity Package Manager local server
Mono: successfully reloaded assembly
- Finished resetting the current domain, in  0.459 seconds
Domain Reload Profiling: 966ms
	BeginReloadAssembly (119ms)
		ExecutionOrderSort (0ms)
		DisableScriptedObjects (4ms)
		BackupInstance (0ms)
		ReleaseScriptingObjects (0ms)
		CreateAndSetChildDomain (17ms)
	RebuildCommonClasses (27ms)
	RebuildNativeTypeToScriptingClass (8ms)
	initialDomainReloadingComplete (34ms)
	LoadAllAssembliesAndSetupDomain (319ms)
		LoadAssemblies (238ms)
		RebuildTransferFunctionScriptingTraits (0ms)
		AnalyzeDomain (151ms)
			TypeCache.Refresh (135ms)
				TypeCache.ScanAssembly (121ms)
			ScanForSourceGeneratedMonoScriptInfo (11ms)
			ResolveRequiredComponents (4ms)
	FinalizeReload (460ms)
		ReleaseScriptCaches (0ms)
		RebuildScriptCaches (0ms)
		SetupLoadedEditorAssemblies (339ms)
			LogAssemblyErrors (0ms)
			InitializePlatformSupportModulesInManaged (44ms)
			SetLoadedEditorAssemblies (2ms)
			RefreshPlugins (0ms)
			BeforeProcessingInitializeOnLoad (49ms)
			ProcessInitializeOnLoadAttributes (221ms)
			ProcessInitializeOnLoadMethodAttributes (17ms)
			AfterProcessingInitializeOnLoad (6ms)
			EditorAssembliesLoaded (0ms)
		ExecutionOrderSort2 (0ms)
		AwakeInstancesAfterBackupRestoration (10ms)
Launched and connected shader compiler UnityShaderCompiler.exe after 0.04 seconds
Refreshing native plugins compatible for Editor in 3.00 ms, found 3 plugins.
Preloading 0 native plugins for Editor in 0.00 ms.
Unloading 3142 Unused Serialized files (Serialized files now loaded: 0)
Unloading 32 unused Assets / (57.4 KB). Loaded Objects now: 3606.
Memory consumption went from 132.0 MB to 131.9 MB.
Total: 2.227100 ms (FindLiveObjects: 0.195000 ms CreateObjectMapping: 0.095300 ms MarkObjects: 1.851400 ms  DeleteObjects: 0.084600 ms)

AssetImportParameters requested are different than current active one (requested -> active):
  custom:container-demuxer-ogg: 62fdf1f143b41e24485cea50d1cbac27 -> 
  custom:video-decoder-ogg-theora: a1e56fd34408186e4bbccfd4996cb3dc -> 
  custom:framework-win-MediaFoundation: 216162199b28c13a410421893ffa2e32 -> 
  custom:CustomObjectIndexerAttribute: 9a22284fe3817be447336de3de66b15e -> 
  custom:container-demuxer-webm: 4f35f7cbe854078d1ac9338744f61a02 -> 
  custom:container-muxer-webm: aa71ff27fc2769a1b78a27578f13a17b -> 
  custom:video-decoder-webm-vp8: 9c59270c3fd7afecdb556c50c9e8de78 -> 
  custom:SearchIndexIgnoredProperties: e643bd26f0fe6173181afceb89e7c659 -> 
  custom:AudioImporter_EditorPlatform: d09bf68614088b80899f8185d706f6e7 -> 
  custom:video-encoder-webm-vp8: eb34c28f22e8b96e1ab97ce403110664 -> 
  custom:audio-decoder-ogg-vorbis: bf7c407c2cedff20999df2af8eb42d56 -> 
  custom:audio-encoder-webm-vorbis: bf7c407c2cedff20999df2af8eb42d56 -> 
========================================================================
Received Import Request.
  Time since last request: 345128.047193 seconds.
  path: Assets/Prefabs/Lobby/Lobby_1.prefab
  artifactKey: Guid(35e341515cb331642bf2ce479cf69b76) Importer(815301076,1909f56bfc062723c751e8b465ee728b)
Start importing Assets/Prefabs/Lobby/Lobby_1.prefab using Guid(35e341515cb331642bf2ce479cf69b76) Importer(815301076,1909f56bfc062723c751e8b465ee728b)  -> (artifact id: '4a8906e03eb6efc2cfce3a1d721ae011') in 0.294711 seconds
Number of updated asset objects reloaded before import = 0
Number of asset objects unloaded after import = 5725
========================================================================
Received Import Request.
  Time since last request: 2.968965 seconds.
  path: Assets/Prefabs/Common/Component/Slot/Area_Slot_Level.prefab
  artifactKey: Guid(3945db07e7f095b4e8b8b917ade6dbd9) Importer(815301076,1909f56bfc062723c751e8b465ee728b)
Start importing Assets/Prefabs/Common/Component/Slot/Area_Slot_Level.prefab using Guid(3945db07e7f095b4e8b8b917ade6dbd9) Importer(815301076,1909f56bfc062723c751e8b465ee728b)  -> (artifact id: '29ab2b57066e9a7104cf07c1b1cfd818') in 0.181700 seconds
Number of updated asset objects reloaded before import = 0
Number of asset objects unloaded after import = 52
========================================================================
Received Import Request.
  Time since last request: 0.000015 seconds.
  path: Assets/Prefabs/Common/Component/Slot/Area_Slot_Tetris.prefab
  artifactKey: Guid(e82c5e4ea275d9b4aaf216a3abcd4813) Importer(815301076,1909f56bfc062723c751e8b465ee728b)
Start importing Assets/Prefabs/Common/Component/Slot/Area_Slot_Tetris.prefab using Guid(e82c5e4ea275d9b4aaf216a3abcd4813) Importer(815301076,1909f56bfc062723c751e8b465ee728b)  -> (artifact id: '05eb21aaff8514fb997cc57162191bec') in 0.003781 seconds
Number of updated asset objects reloaded before import = 0
Number of asset objects unloaded after import = 215
========================================================================
Received Import Request.
  Time since last request: 0.000016 seconds.
  path: Assets/Prefabs/Common/Component/Slot/Slot_Rare.prefab
  artifactKey: Guid(43f309d088b150e48863522383700603) Importer(815301076,1909f56bfc062723c751e8b465ee728b)
Start importing Assets/Prefabs/Common/Component/Slot/Slot_Rare.prefab using Guid(43f309d088b150e48863522383700603) Importer(815301076,1909f56bfc062723c751e8b465ee728b)  -> (artifact id: '0fe936f143cb06747ab692cdae7bb115') in 0.170522 seconds
Number of updated asset objects reloaded before import = 0
Number of asset objects unloaded after import = 294
========================================================================
Received Import Request.
  Time since last request: 0.000014 seconds.
  path: Assets/Prefabs/Common/Component/Slot/Icon_Slot_Tetris_Cube.prefab
  artifactKey: Guid(8ffc0cb7e1322b4498fa10a613bf3733) Importer(815301076,1909f56bfc062723c751e8b465ee728b)
Start importing Assets/Prefabs/Common/Component/Slot/Icon_Slot_Tetris_Cube.prefab using Guid(8ffc0cb7e1322b4498fa10a613bf3733) Importer(815301076,1909f56bfc062723c751e8b465ee728b)  -> (artifact id: '20086d7a1ec527e4b91a390b076d748c') in 0.001714 seconds
Number of updated asset objects reloaded before import = 0
Number of asset objects unloaded after import = 15
========================================================================
Received Import Request.
  Time since last request: 0.000009 seconds.
  path: Assets/Prefabs/Common/Component/Slot/Slot_Unique.prefab
  artifactKey: Guid(73daa9e81d47d4045b9e937e666da71e) Importer(815301076,1909f56bfc062723c751e8b465ee728b)
Start importing Assets/Prefabs/Common/Component/Slot/Slot_Unique.prefab using Guid(73daa9e81d47d4045b9e937e666da71e) Importer(815301076,1909f56bfc062723c751e8b465ee728b)  -> (artifact id: 'bbb5d79c532f9ef5670b39ed722f8dc4') in 0.176122 seconds
Number of updated asset objects reloaded before import = 0
Number of asset objects unloaded after import = 294
========================================================================
Received Import Request.
  Time since last request: 69.710564 seconds.
  path: Assets/Prefabs/Common/Component/Slot/Slot_Legend.prefab
  artifactKey: Guid(00a561b8158a3534182079241b989067) Importer(815301076,1909f56bfc062723c751e8b465ee728b)
Start importing Assets/Prefabs/Common/Component/Slot/Slot_Legend.prefab using Guid(00a561b8158a3534182079241b989067) Importer(815301076,1909f56bfc062723c751e8b465ee728b)  -> (artifact id: '3eaadf925a01a4c2e07b596fcce78d4b') in 0.162037 seconds
Number of updated asset objects reloaded before import = 0
Number of asset objects unloaded after import = 294
========================================================================
Received Import Request.
  Time since last request: 626.263900 seconds.
  path: Assets/Prefabs/Common/Component/Setting/Area - Setting 01.prefab
  artifactKey: Guid(aa623ef95301e744c8a53f7752dd5686) Importer(815301076,1909f56bfc062723c751e8b465ee728b)
Start importing Assets/Prefabs/Common/Component/Setting/Area - Setting 01.prefab using Guid(aa623ef95301e744c8a53f7752dd5686) Importer(815301076,1909f56bfc062723c751e8b465ee728b)  -> (artifact id: '57975476b7f46172766a846e41291097') in 0.208843 seconds
Number of updated asset objects reloaded before import = 0
Number of asset objects unloaded after import = 53
========================================================================
Received Import Request.
  Time since last request: 30.627846 seconds.
  path: Assets/Prefabs/Common/Component/HUD/CanvasHUD_Currency.prefab
  artifactKey: Guid(4dc4957d887860940ad9b502aab07c74) Importer(815301076,1909f56bfc062723c751e8b465ee728b)
Start importing Assets/Prefabs/Common/Component/HUD/CanvasHUD_Currency.prefab using Guid(4dc4957d887860940ad9b502aab07c74) Importer(815301076,1909f56bfc062723c751e8b465ee728b)  -> (artifact id: '684ac4c1ab68e115ee1846e6bee027a6') in 0.197335 seconds
Number of updated asset objects reloaded before import = 0
Number of asset objects unloaded after import = 55
========================================================================
Received Import Request.
  Time since last request: 0.288733 seconds.
  path: Assets/Prefabs/Common/Component/Item Info/Area_Stat.prefab
  artifactKey: Guid(eb2f670f4aa0da7479f4ed75f1e805c2) Importer(815301076,1909f56bfc062723c751e8b465ee728b)
Start importing Assets/Prefabs/Common/Component/Item Info/Area_Stat.prefab using Guid(eb2f670f4aa0da7479f4ed75f1e805c2) Importer(815301076,1909f56bfc062723c751e8b465ee728b)  -> (artifact id: '6de798b2a957dce6bcc925d91b17e030') in 0.190537 seconds
Number of updated asset objects reloaded before import = 0
Number of asset objects unloaded after import = 30
========================================================================
Received Import Request.
  Time since last request: 0.000015 seconds.
  path: Assets/Prefabs/Common/Component/Item Info/Tag_Grade_Legend.prefab
  artifactKey: Guid(fa8d3a40aaf3ce24ca9aecce6cbf68e8) Importer(815301076,1909f56bfc062723c751e8b465ee728b)
Start importing Assets/Prefabs/Common/Component/Item Info/Tag_Grade_Legend.prefab using Guid(fa8d3a40aaf3ce24ca9aecce6cbf68e8) Importer(815301076,1909f56bfc062723c751e8b465ee728b)  -> (artifact id: '119facdc768fb8e0d6a9a74edb8fc2de') in 0.183702 seconds
Number of updated asset objects reloaded before import = 0
Number of asset objects unloaded after import = 19
========================================================================
Received Import Request.
  Time since last request: 0.000023 seconds.
  path: Assets/Prefabs/Common/Component/Item Info/Tag_Type.prefab
  artifactKey: Guid(2a2cc7e9e5dfbbb418579c9e3feff311) Importer(815301076,1909f56bfc062723c751e8b465ee728b)
Start importing Assets/Prefabs/Common/Component/Item Info/Tag_Type.prefab using Guid(2a2cc7e9e5dfbbb418579c9e3feff311) Importer(815301076,1909f56bfc062723c751e8b465ee728b)  -> (artifact id: 'd643d737233e42348858ddffa9a174ed') in 0.175086 seconds
Number of updated asset objects reloaded before import = 0
Number of asset objects unloaded after import = 19
========================================================================
Received Import Request.
  Time since last request: 15.670117 seconds.
  path: Assets/Prefabs/Common/Component/Btn/Btn_Brown.prefab
  artifactKey: Guid(fb3918cd3c04b284b8881034b0c4e216) Importer(815301076,1909f56bfc062723c751e8b465ee728b)
Start importing Assets/Prefabs/Common/Component/Btn/Btn_Brown.prefab using Guid(fb3918cd3c04b284b8881034b0c4e216) Importer(815301076,1909f56bfc062723c751e8b465ee728b)  -> (artifact id: '2ef0479e30491938c5e145116b65f20d') in 0.002393 seconds
Number of updated asset objects reloaded before import = 0
Number of asset objects unloaded after import = 23
========================================================================
Received Import Request.
  Time since last request: 0.002742 seconds.
  path: Assets/Prefabs/Common/Component/Btn/Btn_Gray.prefab
  artifactKey: Guid(9bc7982df152cb046948fce938c96044) Importer(815301076,1909f56bfc062723c751e8b465ee728b)
Start importing Assets/Prefabs/Common/Component/Btn/Btn_Gray.prefab using Guid(9bc7982df152cb046948fce938c96044) Importer(815301076,1909f56bfc062723c751e8b465ee728b)  -> (artifact id: '23cad124f6085760327a06322f86d6a6') in 0.006774 seconds
Number of updated asset objects reloaded before import = 0
Number of asset objects unloaded after import = 33
========================================================================
Received Import Request.
  Time since last request: 0.000010 seconds.
  path: Assets/Prefabs/Common/Component/Btn/Btn_Green.prefab
  artifactKey: Guid(e6d8b068338d3044189eafce508d018f) Importer(815301076,1909f56bfc062723c751e8b465ee728b)
Start importing Assets/Prefabs/Common/Component/Btn/Btn_Green.prefab using Guid(e6d8b068338d3044189eafce508d018f) Importer(815301076,1909f56bfc062723c751e8b465ee728b)  -> (artifact id: '88245ff21b121a324cc0d6f5e499a690') in 0.170441 seconds
Number of updated asset objects reloaded before import = 0
Number of asset objects unloaded after import = 39
========================================================================
Received Import Request.
  Time since last request: 947.575528 seconds.
  path: Assets/Prefabs/Common/Popup/Popup - Setting.prefab
  artifactKey: Guid(fe6dcad6ca1141245b82987477f9dcf8) Importer(815301076,1909f56bfc062723c751e8b465ee728b)
Start importing Assets/Prefabs/Common/Popup/Popup - Setting.prefab using Guid(fe6dcad6ca1141245b82987477f9dcf8) Importer(815301076,1909f56bfc062723c751e8b465ee728b)  -> (artifact id: '79ea4b0ed729ca9ac0819acdcae76151') in 0.179524 seconds
Number of updated asset objects reloaded before import = 0
Number of asset objects unloaded after import = 244
========================================================================
Received Import Request.
  Time since last request: 0.000020 seconds.
  path: Assets/Prefabs/Common/Popup/Popup_Info_Item InGame.prefab
  artifactKey: Guid(f87a3213a13c1e943b722541f09168ef) Importer(815301076,1909f56bfc062723c751e8b465ee728b)
Start importing Assets/Prefabs/Common/Popup/Popup_Info_Item InGame.prefab using Guid(f87a3213a13c1e943b722541f09168ef) Importer(815301076,1909f56bfc062723c751e8b465ee728b)  -> (artifact id: '01e8153c7b97cb5a458bb0d1d7f17e41') in 0.192711 seconds
Number of updated asset objects reloaded before import = 0
Number of asset objects unloaded after import = 199
========================================================================
Received Import Request.
  Time since last request: 295.484773 seconds.
  path: Assets/Textures/Tutorials/ingame_tutorial_03.png
  artifactKey: Guid(e17b65b9e2503a24999dd1c2bf41d12a) Importer(815301076,1909f56bfc062723c751e8b465ee728b)
Start importing Assets/Textures/Tutorials/ingame_tutorial_03.png using Guid(e17b65b9e2503a24999dd1c2bf41d12a) Importer(815301076,1909f56bfc062723c751e8b465ee728b)  -> (artifact id: 'd789210d7a82ff9e290000d3d5a216a9') in 0.068208 seconds
Number of updated asset objects reloaded before import = 0
Number of asset objects unloaded after import = 3
========================================================================
Received Import Request.
  Time since last request: 259.128987 seconds.
  path: Assets/Prefabs/InGame/Area_Inventory_Ingame.prefab
  artifactKey: Guid(aa27553dbe3199049b06c466ca060786) Importer(815301076,1909f56bfc062723c751e8b465ee728b)
Start importing Assets/Prefabs/InGame/Area_Inventory_Ingame.prefab using Guid(aa27553dbe3199049b06c466ca060786) Importer(815301076,1909f56bfc062723c751e8b465ee728b)  -> (artifact id: 'b5f0adff30b3168720ad2ee5a2ac029e') in 0.263951 seconds
Number of updated asset objects reloaded before import = 0
Number of asset objects unloaded after import = 5728
========================================================================
Received Import Request.
  Time since last request: 0.000022 seconds.
  path: Assets/Prefabs/InGame/Popup - Attendance.prefab
  artifactKey: Guid(b03f86bf25c339a47ae83685c0d7d18e) Importer(815301076,1909f56bfc062723c751e8b465ee728b)
Start importing Assets/Prefabs/InGame/Popup - Attendance.prefab using Guid(b03f86bf25c339a47ae83685c0d7d18e) Importer(815301076,1909f56bfc062723c751e8b465ee728b)  -> (artifact id: '848e258a7595248c71a3d126b57c7649') in 0.167705 seconds
Number of updated asset objects reloaded before import = 0
Number of asset objects unloaded after import = 255
========================================================================
Received Import Request.
  Time since last request: 14.910938 seconds.
  path: Assets/Prefabs/Lobby/Area_Inventory.prefab
  artifactKey: Guid(353581a955581774a972fd3fdd03dc59) Importer(815301076,1909f56bfc062723c751e8b465ee728b)
Start importing Assets/Prefabs/Lobby/Area_Inventory.prefab using Guid(353581a955581774a972fd3fdd03dc59) Importer(815301076,1909f56bfc062723c751e8b465ee728b)  -> (artifact id: '8043a321e2b3b80917a44ef13f5f137d') in 0.205850 seconds
Number of updated asset objects reloaded before import = 0
Number of asset objects unloaded after import = 4286
========================================================================
Received Import Request.
  Time since last request: 0.000027 seconds.
  path: Assets/Prefabs/Lobby/MainUI_Lobby.prefab
  artifactKey: Guid(e0fbde95597347540a1a2aa8a093985d) Importer(815301076,1909f56bfc062723c751e8b465ee728b)
Start importing Assets/Prefabs/Lobby/MainUI_Lobby.prefab using Guid(e0fbde95597347540a1a2aa8a093985d) Importer(815301076,1909f56bfc062723c751e8b465ee728b)  -> (artifact id: '9aaf8f9d6405e304fee0b7d8a20bde87') in 0.244279 seconds
Number of updated asset objects reloaded before import = 0
Number of asset objects unloaded after import = 7184
========================================================================
Received Import Request.
  Time since last request: 3974.372281 seconds.
  path: Assets/Textures/UI/Img_Round15.png
  artifactKey: Guid(9ac840663b443e948962538e658f1ec7) Importer(815301076,1909f56bfc062723c751e8b465ee728b)
Start importing Assets/Textures/UI/Img_Round15.png using Guid(9ac840663b443e948962538e658f1ec7) Importer(815301076,1909f56bfc062723c751e8b465ee728b)  -> (artifact id: '8d1abf2d86b39a10e6f5bcf1d6ca0d2a') in 0.027750 seconds
Number of updated asset objects reloaded before import = 0
Number of asset objects unloaded after import = 3
========================================================================
Received Import Request.
  Time since last request: 0.002299 seconds.
  path: Assets/Textures/UI/Img_Round18.png
  artifactKey: Guid(c9e2fe8e7d753e246b8fc116c026eb60) Importer(815301076,1909f56bfc062723c751e8b465ee728b)
Start importing Assets/Textures/UI/Img_Round18.png using Guid(c9e2fe8e7d753e246b8fc116c026eb60) Importer(815301076,1909f56bfc062723c751e8b465ee728b)  -> (artifact id: 'ac01b02e956920499b195ea1f67689d0') in 0.027526 seconds
Number of updated asset objects reloaded before import = 0
Number of asset objects unloaded after import = 3
========================================================================
Received Import Request.
  Time since last request: 4.411351 seconds.
  path: Assets/Prefabs/Common/Component/Btn
  artifactKey: Guid(e5756b992d758b14ea3c24baa149d241) Importer(815301076,1909f56bfc062723c751e8b465ee728b)
Start importing Assets/Prefabs/Common/Component/Btn using Guid(e5756b992d758b14ea3c24baa149d241) Importer(815301076,1909f56bfc062723c751e8b465ee728b)  -> (artifact id: '3e20e1adb79d3d47a9981340c92038ca') in 0.000591 seconds
Number of updated asset objects reloaded before import = 0
Number of asset objects unloaded after import = 0
========================================================================
Received Import Request.
  Time since last request: 61.116058 seconds.
  path: Assets/Textures/UI/Img_Panel_Round6.png
  artifactKey: Guid(dc39d1915a8b3ca4689b4d25d719eedc) Importer(815301076,1909f56bfc062723c751e8b465ee728b)
Start importing Assets/Textures/UI/Img_Panel_Round6.png using Guid(dc39d1915a8b3ca4689b4d25d719eedc) Importer(815301076,1909f56bfc062723c751e8b465ee728b)  -> (artifact id: '216817ce6f5bd340425d9816d01f3936') in 0.023752 seconds
Number of updated asset objects reloaded before import = 0
Number of asset objects unloaded after import = 3
========================================================================
Received Import Request.
  Time since last request: 10352.928378 seconds.
  path: Assets/Prefabs/Common/Component/Item Info
  artifactKey: Guid(a291b71670ddaf541a4c10212339d887) Importer(815301076,1909f56bfc062723c751e8b465ee728b)
Start importing Assets/Prefabs/Common/Component/Item Info using Guid(a291b71670ddaf541a4c10212339d887) Importer(815301076,1909f56bfc062723c751e8b465ee728b)  -> (artifact id: '4f1d6e1d3e01f9bf70d8955ef586cbc2') in 0.001256 seconds
Number of updated asset objects reloaded before import = 0
Number of asset objects unloaded after import = 0
========================================================================
Received Import Request.
  Time since last request: 12497.126210 seconds.
  path: Assets/TextMesh Pro/Examples & Extras/Textures/Wipe Pattern - Circle.psd
  artifactKey: Guid(10c49fcd9c64421db7c0133e61e55f97) Importer(815301076,1909f56bfc062723c751e8b465ee728b)
Start importing Assets/TextMesh Pro/Examples & Extras/Textures/Wipe Pattern - Circle.psd using Guid(10c49fcd9c64421db7c0133e61e55f97) Importer(815301076,1909f56bfc062723c751e8b465ee728b)  -> (artifact id: '4a99fa66de566f72d081005af6a670ec') in 0.081138 seconds
Number of updated asset objects reloaded before import = 0
Number of asset objects unloaded after import = 2
========================================================================
Received Import Request.
  Time since last request: 0.000077 seconds.
  path: Assets/TextMesh Pro/Examples & Extras/Textures/Wipe Pattern - Radial Quad.psd
  artifactKey: Guid(2b5e9ae96c5644d8bae932f8b4ca68a2) Importer(815301076,1909f56bfc062723c751e8b465ee728b)
Start importing Assets/TextMesh Pro/Examples & Extras/Textures/Wipe Pattern - Radial Quad.psd using Guid(2b5e9ae96c5644d8bae932f8b4ca68a2) Importer(815301076,1909f56bfc062723c751e8b465ee728b)  -> (artifact id: 'fd4df4a20c0910f3ccf5f625494280ad') in 0.012615 seconds
Number of updated asset objects reloaded before import = 0
Number of asset objects unloaded after import = 2
========================================================================
Received Import Request.
  Time since last request: 0.000031 seconds.
  path: Assets/TextMesh Pro/Examples & Extras/Textures/Wipe Pattern - Radial Double.psd
  artifactKey: Guid(7631f4eff8f74ed38eb3eb9db17134e1) Importer(815301076,1909f56bfc062723c751e8b465ee728b)
Start importing Assets/TextMesh Pro/Examples & Extras/Textures/Wipe Pattern - Radial Double.psd using Guid(7631f4eff8f74ed38eb3eb9db17134e1) Importer(815301076,1909f56bfc062723c751e8b465ee728b)  -> (artifact id: 'b58ae73558c85eb5a971dd08ce132492') in 0.011292 seconds
Number of updated asset objects reloaded before import = 0
Number of asset objects unloaded after import = 2
========================================================================
Received Import Request.
  Time since last request: 3772.531203 seconds.
  path: Assets/Prefabs/Common/Popup/Popup_Info_Item.prefab
  artifactKey: Guid(38355627fd0f0e84287806d10c8c91d1) Importer(815301076,1909f56bfc062723c751e8b465ee728b)
Start importing Assets/Prefabs/Common/Popup/Popup_Info_Item.prefab using Guid(38355627fd0f0e84287806d10c8c91d1) Importer(815301076,1909f56bfc062723c751e8b465ee728b)  -> (artifact id: '279190575289bf779cd7cf9cb3342476') in 0.316957 seconds
Number of updated asset objects reloaded before import = 0
Number of asset objects unloaded after import = 588
========================================================================
Received Import Request.
  Time since last request: 1016.740135 seconds.
  path: Assets/Prefabs/Common/Popup/Popup_Info_Item.prefab
  artifactKey: Guid(38355627fd0f0e84287806d10c8c91d1) Importer(815301076,1909f56bfc062723c751e8b465ee728b)
Start importing Assets/Prefabs/Common/Popup/Popup_Info_Item.prefab using Guid(38355627fd0f0e84287806d10c8c91d1) Importer(815301076,1909f56bfc062723c751e8b465ee728b)  -> (artifact id: 'b9cc0216f2c12ee17d1889ffb3707b87') in 0.182575 seconds
Number of updated asset objects reloaded before import = 0
Number of asset objects unloaded after import = 588
========================================================================
Received Import Request.
  Time since last request: 9.939844 seconds.
  path: Assets/Prefabs/Common/Popup/Popup_Info_Item.prefab
  artifactKey: Guid(38355627fd0f0e84287806d10c8c91d1) Importer(815301076,1909f56bfc062723c751e8b465ee728b)
Start importing Assets/Prefabs/Common/Popup/Popup_Info_Item.prefab using Guid(38355627fd0f0e84287806d10c8c91d1) Importer(815301076,1909f56bfc062723c751e8b465ee728b)  -> (artifact id: '98ea6436bbb17574f40f4e58d5a8e684') in 0.172733 seconds
Number of updated asset objects reloaded before import = 0
Number of asset objects unloaded after import = 588
========================================================================
Received Import Request.
  Time since last request: 1.431989 seconds.
  path: Assets/Prefabs/Common/Popup/Popup_Info_Item.prefab
  artifactKey: Guid(38355627fd0f0e84287806d10c8c91d1) Importer(815301076,1909f56bfc062723c751e8b465ee728b)
Start importing Assets/Prefabs/Common/Popup/Popup_Info_Item.prefab using Guid(38355627fd0f0e84287806d10c8c91d1) Importer(815301076,1909f56bfc062723c751e8b465ee728b)  -> (artifact id: 'e341edc1a2700d8e49ea2231a4229f25') in 0.168213 seconds
Number of updated asset objects reloaded before import = 0
Number of asset objects unloaded after import = 588
========================================================================
Received Import Request.
  Time since last request: 140.090951 seconds.
  path: Assets/Prefabs/Lobby/Lobby_4.prefab
  artifactKey: Guid(32e573f0526a6804aa328de1651c3c3f) Importer(815301076,1909f56bfc062723c751e8b465ee728b)
Start importing Assets/Prefabs/Lobby/Lobby_4.prefab using Guid(32e573f0526a6804aa328de1651c3c3f) Importer(815301076,1909f56bfc062723c751e8b465ee728b)  -> (artifact id: '47632b24ec7a5b32169be5eb73f6cc3e') in 0.265916 seconds
Number of updated asset objects reloaded before import = 0
Number of asset objects unloaded after import = 7114
========================================================================
Received Import Request.
  Time since last request: 2.799739 seconds.
  path: Assets/Prefabs/Lobby/Lobby_4.prefab
  artifactKey: Guid(32e573f0526a6804aa328de1651c3c3f) Importer(815301076,1909f56bfc062723c751e8b465ee728b)
Start importing Assets/Prefabs/Lobby/Lobby_4.prefab using Guid(32e573f0526a6804aa328de1651c3c3f) Importer(815301076,1909f56bfc062723c751e8b465ee728b)  -> (artifact id: '13c428957719bae9d285c67097154c78') in 0.241377 seconds
Number of updated asset objects reloaded before import = 0
Number of asset objects unloaded after import = 7114
========================================================================
Received Import Request.
  Time since last request: 386.914546 seconds.
  path: Assets/Textures/UI/Img_Panel_Round6_Frame2px.png
  artifactKey: Guid(290c89607f4d51549ab3641ac9be1e40) Importer(815301076,1909f56bfc062723c751e8b465ee728b)
Start importing Assets/Textures/UI/Img_Panel_Round6_Frame2px.png using Guid(290c89607f4d51549ab3641ac9be1e40) Importer(815301076,1909f56bfc062723c751e8b465ee728b)  -> (artifact id: '6ca0519978b1ef8bf1dc28573e58f21b') in 0.027877 seconds
Number of updated asset objects reloaded before import = 0
Number of asset objects unloaded after import = 3
========================================================================
Received Import Request.
  Time since last request: 0.013710 seconds.
  path: Assets/Textures/UI/Img_Round15_Frame.png
  artifactKey: Guid(3e4892a0adce375419d5bc24b73d8caa) Importer(815301076,1909f56bfc062723c751e8b465ee728b)
Start importing Assets/Textures/UI/Img_Round15_Frame.png using Guid(3e4892a0adce375419d5bc24b73d8caa) Importer(815301076,1909f56bfc062723c751e8b465ee728b)  -> (artifact id: '978130d100f5bcafee7b0cc540892a19') in 0.033119 seconds
Number of updated asset objects reloaded before import = 0
Number of asset objects unloaded after import = 3
========================================================================
Received Import Request.
  Time since last request: 1355.404346 seconds.
  path: Assets/Prefabs/Common/Popup/Popup_Info_Item.prefab
  artifactKey: Guid(38355627fd0f0e84287806d10c8c91d1) Importer(815301076,1909f56bfc062723c751e8b465ee728b)
Start importing Assets/Prefabs/Common/Popup/Popup_Info_Item.prefab using Guid(38355627fd0f0e84287806d10c8c91d1) Importer(815301076,1909f56bfc062723c751e8b465ee728b)  -> (artifact id: '007aca76e1fb24af59547cec90990ed2') in 0.169961 seconds
Number of updated asset objects reloaded before import = 0
Number of asset objects unloaded after import = 588
========================================================================
Received Import Request.
  Time since last request: 773.052170 seconds.
  path: Assets/Prefabs/Common/Popup/Popup_Info_Item InGame.prefab
  artifactKey: Guid(f87a3213a13c1e943b722541f09168ef) Importer(815301076,1909f56bfc062723c751e8b465ee728b)
Start importing Assets/Prefabs/Common/Popup/Popup_Info_Item InGame.prefab using Guid(f87a3213a13c1e943b722541f09168ef) Importer(815301076,1909f56bfc062723c751e8b465ee728b)  -> (artifact id: 'a4b3b6c55ccb772c25096bb1a135f88b') in 0.165523 seconds
Number of updated asset objects reloaded before import = 0
Number of asset objects unloaded after import = 199
